#
# There is insufficient memory for the Java Runtime Environment to continue.
# Native memory allocation (mmap) failed to map 10485760 bytes for committing reserved memory.
# Possible reasons:
#   The system is out of physical RAM or swap space
#   The process is running with CompressedOops enabled, and the Java Heap may be blocking the growth of the native heap
# Possible solutions:
#   Reduce memory load on the system
#   Increase physical memory or swap space
#   Check if swap backing store is full
#   Decrease Java heap size (-Xmx/-Xms)
#   Decrease number of Java threads
#   Decrease Java thread stack sizes (-Xss)
#   Set larger code cache with -XX:ReservedCodeCacheSize=
#   JVM is running with Unscaled Compressed Oops mode in which the Java heap is
#     placed in the first 4GB address space. The Java Heap base address is the
#     maximum limit for the native heap growth. Please use -XX:HeapBaseMinAddress
#     to set the Java Heap base and to place the Java Heap above 4GB virtual address.
# This output file may be truncated or incomplete.
#
#  Out of Memory Error (os_linux.cpp:2792), pid=4092, tid=0x00007f6453bfb700
#
# JRE version: OpenJDK Runtime Environment (8.0_265-b01) (build 1.8.0_265-8u265-b01-0ubuntu2~16.04-b01)
# Java VM: OpenJDK 64-Bit Server VM (25.265-b01 mixed mode linux-amd64 compressed oops)
# Failed to write core dump. Core dumps have been disabled. To enable core dumping, try "ulimit -c unlimited" before starting Java again
#

---------------  T H R E A D  ---------------

Current thread (0x00007f6468074000):  VMThread [stack: 0x00007f6453afb000,0x00007f6453bfc000] [id=4096]

Stack: [0x00007f6453afb000,0x00007f6453bfc000],  sp=0x00007f6453bfa3c0,  free space=1020k
Native frames: (J=compiled Java code, j=interpreted, Vv=VM code, C=native code)
V  [libjvm.so+0xa7866b]
V  [libjvm.so+0x4ccadc]
V  [libjvm.so+0x8c2178]
V  [libjvm.so+0x8b962e]
V  [libjvm.so+0x93ad76]
V  [libjvm.so+0x93c0a3]
V  [libjvm.so+0x9384a4]
V  [libjvm.so+0x93873c]
V  [libjvm.so+0x8ea0f3]
V  [libjvm.so+0xa7a3a2]
V  [libjvm.so+0xa7eca7]
V  [libjvm.so+0xa7cc73]
V  [libjvm.so+0xa7d745]
V  [libjvm.so+0xa7dd12]
V  [libjvm.so+0x8bf342]

VM_Operation (0x00007f6470f145a0): ParallelGCFailedAllocation, mode: safepoint, requested by thread 0x00007f646800a800


---------------  P R O C E S S  ---------------

Java Threads: ( => current thread )
  0x00007f64680ba000 JavaThread "Service Thread" daemon [_thread_blocked, id=4102, stack(0x00007f645321d000,0x00007f645331e000)]
  0x00007f64680b7000 JavaThread "C1 CompilerThread1" daemon [_thread_blocked, id=4101, stack(0x00007f645331e000,0x00007f645341f000)]
  0x00007f64680b4800 JavaThread "C2 CompilerThread0" daemon [_thread_blocked, id=4100, stack(0x00007f645341f000,0x00007f6453520000)]
  0x00007f64680b3000 JavaThread "Signal Dispatcher" daemon [_thread_blocked, id=4099, stack(0x00007f6453520000,0x00007f6453621000)]
  0x00007f6468082000 JavaThread "Finalizer" daemon [_thread_blocked, id=4098, stack(0x00007f64538f9000,0x00007f64539fa000)]
  0x00007f646807d800 JavaThread "Reference Handler" daemon [_thread_blocked, id=4097, stack(0x00007f64539fa000,0x00007f6453afb000)]
  0x00007f646800a800 JavaThread "main" [_thread_blocked, id=4093, stack(0x00007f6470e15000,0x00007f6470f16000)]

Other Threads:
=>0x00007f6468074000 VMThread [stack: 0x00007f6453afb000,0x00007f6453bfc000] [id=4096]
  0x00007f64680bc000 WatcherThread [stack: 0x00007f645311c000,0x00007f645321d000] [id=4103]

VM state:at safepoint (normal execution)

VM Mutex/Monitor currently owned by a thread:  ([mutex/lock_event])
[0x00007f6468006e40] Threads_lock - owner thread: 0x00007f6468074000
[0x00007f6468007340] Heap_lock - owner thread: 0x00007f646800a800

heap address: 0x00000000e1000000, size: 496 MB, Compressed Oops mode: 32-bit
Narrow klass base: 0x0000000000000000, Narrow klass shift: 3
Compressed class space size: 1073741824 Address: 0x0000000100000000

Heap:
 PSYoungGen      total 126464K, used 32K [0x00000000f5b00000, 0x00000000fdc00000, 0x0000000100000000)
  eden space 121344K, 0% used [0x00000000f5b00000,0x00000000f5b00000,0x00000000fd180000)
  from space 5120K, 0% used [0x00000000fd180000,0x00000000fd188000,0x00000000fd680000)
  to   space 5632K, 0% used [0x00000000fd680000,0x00000000fd680000,0x00000000fdc00000)
 ParOldGen       total 38400K, used 14433K [0x00000000e1000000, 0x00000000e3580000, 0x00000000f5b00000)
  object space 38400K, 37% used [0x00000000e1000000,0x00000000e1e184e0,0x00000000e3580000)
 Metaspace       used 3923K, capacity 4606K, committed 4864K, reserved 1056768K
  class space    used 421K, capacity 430K, committed 512K, reserved 1048576K

Card table byte_map: [0x00007f646d3aa000,0x00007f646d4a3000] byte_map_base: 0x00007f646cca2000

Marking Bits: (ParMarkBitMap*) 0x00007f64700cd700
 Begin Bits: [0x00007f646c228000, 0x00007f646c9e8000)
 End Bits:   [0x00007f646c9e8000, 0x00007f646d1a8000)

Polling page: 0x00007f6470f21000

CodeCache: size=245760Kb used=1929Kb max_used=1929Kb free=243830Kb
 bounds [0x00007f6459000000, 0x00007f6459270000, 0x00007f6468000000]
 total_blobs=560 nmethods=283 adapters=193
 compilation: enabled

Compilation events (10 events):
Event: 12.461 Thread 0x00007f64680b7000 nmethod 279 0x00007f64591da9d0 code [0x00007f64591daba0, 0x00007f64591db218]
Event: 12.480 Thread 0x00007f64680b7000  280       3       java.util.Scanner::makeSpace (133 bytes)
Event: 12.485 Thread 0x00007f64680b7000 nmethod 280 0x00007f64591d9490 code [0x00007f64591d96c0, 0x00007f64591da478]
Event: 12.485 Thread 0x00007f64680b7000  281       3       java.nio.HeapCharBuffer::compact (55 bytes)
Event: 12.485 Thread 0x00007f64680b7000 nmethod 281 0x00007f64591d8a50 code [0x00007f64591d8c00, 0x00007f64591d9328]
Event: 12.604 Thread 0x00007f64680b7000  282       3       sun.nio.cs.StreamDecoder::implRead (243 bytes)
Event: 12.605 Thread 0x00007f64680b7000 nmethod 282 0x00007f64591e1810 code [0x00007f64591e1aa0, 0x00007f64591e3068]
Event: 12.700 Thread 0x00007f64680b7000  283       3       java.util.regex.Pattern$Dollar::match (209 bytes)
Event: 12.701 Thread 0x00007f64680b7000 nmethod 283 0x00007f64591e3950 code [0x00007f64591e3b80, 0x00007f64591e4858]
Event: 15.676 Thread 0x00007f64680b7000  284       3       java.lang.ThreadLocal::get (38 bytes)

GC Heap History (10 events):
Event: 12.850 GC heap after
Heap after GC invocations=17 (full 1):
 PSYoungGen      total 103936K, used 32K [0x00000000f5b00000, 0x00000000fc700000, 0x0000000100000000)
  eden space 97280K, 0% used [0x00000000f5b00000,0x00000000f5b00000,0x00000000fba00000)
  from space 6656K, 0% used [0x00000000fc080000,0x00000000fc088000,0x00000000fc700000)
  to   space 6656K, 0% used [0x00000000fba00000,0x00000000fba00000,0x00000000fc080000)
 ParOldGen       total 38400K, used 14417K [0x00000000e1000000, 0x00000000e3580000, 0x00000000f5b00000)
  object space 38400K, 37% used [0x00000000e1000000,0x00000000e1e144e0,0x00000000e3580000)
 Metaspace       used 3923K, capacity 4606K, committed 4864K, reserved 1056768K
  class space    used 421K, capacity 430K, committed 512K, reserved 1048576K
}
Event: 13.556 GC heap before
{Heap before GC invocations=18 (full 1):
 PSYoungGen      total 103936K, used 97312K [0x00000000f5b00000, 0x00000000fc700000, 0x0000000100000000)
  eden space 97280K, 100% used [0x00000000f5b00000,0x00000000fba00000,0x00000000fba00000)
  from space 6656K, 0% used [0x00000000fc080000,0x00000000fc088000,0x00000000fc700000)
  to   space 6656K, 0% used [0x00000000fba00000,0x00000000fba00000,0x00000000fc080000)
 ParOldGen       total 38400K, used 14417K [0x00000000e1000000, 0x00000000e3580000, 0x00000000f5b00000)
  object space 38400K, 37% used [0x00000000e1000000,0x00000000e1e144e0,0x00000000e3580000)
 Metaspace       used 3923K, capacity 4606K, committed 4864K, reserved 1056768K
  class space    used 421K, capacity 430K, committed 512K, reserved 1048576K
Event: 13.578 GC heap after
Heap after GC invocations=18 (full 1):
 PSYoungGen      total 103936K, used 32K [0x00000000f5b00000, 0x00000000fd280000, 0x0000000100000000)
  eden space 97280K, 0% used [0x00000000f5b00000,0x00000000f5b00000,0x00000000fba00000)
  from space 6656K, 0% used [0x00000000fba00000,0x00000000fba08000,0x00000000fc080000)
  to   space 6144K, 0% used [0x00000000fcc80000,0x00000000fcc80000,0x00000000fd280000)
 ParOldGen       total 38400K, used 14417K [0x00000000e1000000, 0x00000000e3580000, 0x00000000f5b00000)
  object space 38400K, 37% used [0x00000000e1000000,0x00000000e1e144e0,0x00000000e3580000)
 Metaspace       used 3923K, capacity 4606K, committed 4864K, reserved 1056768K
  class space    used 421K, capacity 430K, committed 512K, reserved 1048576K
}
Event: 14.136 GC heap before
{Heap before GC invocations=19 (full 1):
 PSYoungGen      total 103936K, used 97312K [0x00000000f5b00000, 0x00000000fd280000, 0x0000000100000000)
  eden space 97280K, 100% used [0x00000000f5b00000,0x00000000fba00000,0x00000000fba00000)
  from space 6656K, 0% used [0x00000000fba00000,0x00000000fba08000,0x00000000fc080000)
  to   space 6144K, 0% used [0x00000000fcc80000,0x00000000fcc80000,0x00000000fd280000)
 ParOldGen       total 38400K, used 14417K [0x00000000e1000000, 0x00000000e3580000, 0x00000000f5b00000)
  object space 38400K, 37% used [0x00000000e1000000,0x00000000e1e144e0,0x00000000e3580000)
 Metaspace       used 3923K, capacity 4606K, committed 4864K, reserved 1056768K
  class space    used 421K, capacity 430K, committed 512K, reserved 1048576K
Event: 14.152 GC heap after
Heap after GC invocations=19 (full 1):
 PSYoungGen      total 114176K, used 32K [0x00000000f5b00000, 0x00000000fd100000, 0x0000000100000000)
  eden space 109568K, 0% used [0x00000000f5b00000,0x00000000f5b00000,0x00000000fc600000)
  from space 4608K, 0% used [0x00000000fcc80000,0x00000000fcc88000,0x00000000fd100000)
  to   space 5632K, 0% used [0x00000000fc600000,0x00000000fc600000,0x00000000fcb80000)
 ParOldGen       total 38400K, used 14417K [0x00000000e1000000, 0x00000000e3580000, 0x00000000f5b00000)
  object space 38400K, 37% used [0x00000000e1000000,0x00000000e1e144e0,0x00000000e3580000)
 Metaspace       used 3923K, capacity 4606K, committed 4864K, reserved 1056768K
  class space    used 421K, capacity 430K, committed 512K, reserved 1048576K
}
Event: 14.884 GC heap before
{Heap before GC invocations=20 (full 1):
 PSYoungGen      total 114176K, used 109600K [0x00000000f5b00000, 0x00000000fd100000, 0x0000000100000000)
  eden space 109568K, 100% used [0x00000000f5b00000,0x00000000fc600000,0x00000000fc600000)
  from space 4608K, 0% used [0x00000000fcc80000,0x00000000fcc88000,0x00000000fd100000)
  to   space 5632K, 0% used [0x00000000fc600000,0x00000000fc600000,0x00000000fcb80000)
 ParOldGen       total 38400K, used 14417K [0x00000000e1000000, 0x00000000e3580000, 0x00000000f5b00000)
  object space 38400K, 37% used [0x00000000e1000000,0x00000000e1e144e0,0x00000000e3580000)
 Metaspace       used 3923K, capacity 4606K, committed 4864K, reserved 1056768K
  class space    used 421K, capacity 430K, committed 512K, reserved 1048576K
Event: 14.884 GC heap after
Heap after GC invocations=20 (full 1):
 PSYoungGen      total 115200K, used 64K [0x00000000f5b00000, 0x00000000fdc00000, 0x0000000100000000)
  eden space 109568K, 0% used [0x00000000f5b00000,0x00000000f5b00000,0x00000000fc600000)
  from space 5632K, 1% used [0x00000000fc600000,0x00000000fc610000,0x00000000fcb80000)
  to   space 5632K, 0% used [0x00000000fd680000,0x00000000fd680000,0x00000000fdc00000)
 ParOldGen       total 38400K, used 14425K [0x00000000e1000000, 0x00000000e3580000, 0x00000000f5b00000)
  object space 38400K, 37% used [0x00000000e1000000,0x00000000e1e164e0,0x00000000e3580000)
 Metaspace       used 3923K, capacity 4606K, committed 4864K, reserved 1056768K
  class space    used 421K, capacity 430K, committed 512K, reserved 1048576K
}
Event: 15.462 GC heap before
{Heap before GC invocations=21 (full 1):
 PSYoungGen      total 115200K, used 109632K [0x00000000f5b00000, 0x00000000fdc00000, 0x0000000100000000)
  eden space 109568K, 100% used [0x00000000f5b00000,0x00000000fc600000,0x00000000fc600000)
  from space 5632K, 1% used [0x00000000fc600000,0x00000000fc610000,0x00000000fcb80000)
  to   space 5632K, 0% used [0x00000000fd680000,0x00000000fd680000,0x00000000fdc00000)
 ParOldGen       total 38400K, used 14425K [0x00000000e1000000, 0x00000000e3580000, 0x00000000f5b00000)
  object space 38400K, 37% used [0x00000000e1000000,0x00000000e1e164e0,0x00000000e3580000)
 Metaspace       used 3923K, capacity 4606K, committed 4864K, reserved 1056768K
  class space    used 421K, capacity 430K, committed 512K, reserved 1048576K
Event: 15.488 GC heap after
Heap after GC invocations=21 (full 1):
 PSYoungGen      total 126976K, used 32K [0x00000000f5b00000, 0x00000000fdc00000, 0x0000000100000000)
  eden space 121344K, 0% used [0x00000000f5b00000,0x00000000f5b00000,0x00000000fd180000)
  from space 5632K, 0% used [0x00000000fd680000,0x00000000fd688000,0x00000000fdc00000)
  to   space 5120K, 0% used [0x00000000fd180000,0x00000000fd180000,0x00000000fd680000)
 ParOldGen       total 38400K, used 14433K [0x00000000e1000000, 0x00000000e3580000, 0x00000000f5b00000)
  object space 38400K, 37% used [0x00000000e1000000,0x00000000e1e184e0,0x00000000e3580000)
 Metaspace       used 3923K, capacity 4606K, committed 4864K, reserved 1056768K
  class space    used 421K, capacity 430K, committed 512K, reserved 1048576K
}
Event: 16.516 GC heap before
{Heap before GC invocations=22 (full 1):
 PSYoungGen      total 126976K, used 121376K [0x00000000f5b00000, 0x00000000fdc00000, 0x0000000100000000)
  eden space 121344K, 100% used [0x00000000f5b00000,0x00000000fd180000,0x00000000fd180000)
  from space 5632K, 0% used [0x00000000fd680000,0x00000000fd688000,0x00000000fdc00000)
  to   space 5120K, 0% used [0x00000000fd180000,0x00000000fd180000,0x00000000fd680000)
 ParOldGen       total 38400K, used 14433K [0x00000000e1000000, 0x00000000e3580000, 0x00000000f5b00000)
  object space 38400K, 37% used [0x00000000e1000000,0x00000000e1e184e0,0x00000000e3580000)
 Metaspace       used 3923K, capacity 4606K, committed 4864K, reserved 1056768K
  class space    used 421K, capacity 430K, committed 512K, reserved 1048576K

Deoptimization events (6 events):
Event: 2.727 Thread 0x00007f646800a800 Uncommon trap: reason=unstable_if action=reinterpret pc=0x00007f6459166c7c method=java.util.regex.Pattern$Start.match(Ljava/util/regex/Matcher;ILjava/lang/CharSequence;)Z @ 10
Event: 4.552 Thread 0x00007f646800a800 Uncommon trap: reason=predicate action=maybe_recompile pc=0x00007f6459197fd8 method=java.util.AbstractCollection.toArray([Ljava/lang/Object;)[Ljava/lang/Object; @ 49
Event: 4.967 Thread 0x00007f646800a800 Uncommon trap: reason=array_check action=maybe_recompile pc=0x00007f645919bda8 method=java.util.AbstractCollection.toArray([Ljava/lang/Object;)[Ljava/lang/Object; @ 119
Event: 4.967 Thread 0x00007f646800a800 Uncommon trap: reason=array_check action=maybe_recompile pc=0x00007f645919bda8 method=java.util.AbstractCollection.toArray([Ljava/lang/Object;)[Ljava/lang/Object; @ 119
Event: 4.967 Thread 0x00007f646800a800 Uncommon trap: reason=array_check action=maybe_recompile pc=0x00007f645919bda8 method=java.util.AbstractCollection.toArray([Ljava/lang/Object;)[Ljava/lang/Object; @ 119
Event: 4.967 Thread 0x00007f646800a800 Uncommon trap: reason=array_check action=maybe_recompile pc=0x00007f645919bda8 method=java.util.AbstractCollection.toArray([Ljava/lang/Object;)[Ljava/lang/Object; @ 119

Classes redefined (0 events):
No events

Internal exceptions (8 events):
Event: 0.336 Thread 0x00007f646800a800 Exception <a 'java/lang/NoSuchMethodError': Method sun.misc.Unsafe.defineClass(Ljava/lang/String;[BII)Ljava/lang/Class; name or signature does not match> (0x00000000f5b07cc0) thrown at [/build/openjdk-8-jsjOeo/openjdk-8-8u265-b01/src/hotspot/src/share/vm/
Event: 0.336 Thread 0x00007f646800a800 Exception <a 'java/lang/NoSuchMethodError': Method sun.misc.Unsafe.prefetchRead(Ljava/lang/Object;J)V name or signature does not match> (0x00000000f5b07fa8) thrown at [/build/openjdk-8-jsjOeo/openjdk-8-8u265-b01/src/hotspot/src/share/vm/prims/jni.cpp, lin
Event: 1.585 Thread 0x00007f646800a800 Exception <a 'java/security/PrivilegedActionException'> (0x00000000f5b67288) thrown at [/build/openjdk-8-jsjOeo/openjdk-8-8u265-b01/src/hotspot/src/share/vm/prims/jvm.cpp, line 1512]
Event: 1.585 Thread 0x00007f646800a800 Exception <a 'java/security/PrivilegedActionException'> (0x00000000f5b67680) thrown at [/build/openjdk-8-jsjOeo/openjdk-8-8u265-b01/src/hotspot/src/share/vm/prims/jvm.cpp, line 1512]
Event: 1.588 Thread 0x00007f646800a800 Exception <a 'java/security/PrivilegedActionException'> (0x00000000f5b69ad8) thrown at [/build/openjdk-8-jsjOeo/openjdk-8-8u265-b01/src/hotspot/src/share/vm/prims/jvm.cpp, line 1512]
Event: 1.588 Thread 0x00007f646800a800 Exception <a 'java/security/PrivilegedActionException'> (0x00000000f5b69ed0) thrown at [/build/openjdk-8-jsjOeo/openjdk-8-8u265-b01/src/hotspot/src/share/vm/prims/jvm.cpp, line 1512]
Event: 1.588 Thread 0x00007f646800a800 Exception <a 'java/security/PrivilegedActionException'> (0x00000000f5b6ad78) thrown at [/build/openjdk-8-jsjOeo/openjdk-8-8u265-b01/src/hotspot/src/share/vm/prims/jvm.cpp, line 1512]
Event: 1.588 Thread 0x00007f646800a800 Exception <a 'java/security/PrivilegedActionException'> (0x00000000f5b6b170) thrown at [/build/openjdk-8-jsjOeo/openjdk-8-8u265-b01/src/hotspot/src/share/vm/prims/jvm.cpp, line 1512]

Events (10 events):
Event: 12.850 Executing VM operation: ParallelGCFailedAllocation done
Event: 13.556 Executing VM operation: ParallelGCFailedAllocation
Event: 13.578 Executing VM operation: ParallelGCFailedAllocation done
Event: 14.136 Executing VM operation: ParallelGCFailedAllocation
Event: 14.152 Executing VM operation: ParallelGCFailedAllocation done
Event: 14.851 Executing VM operation: ParallelGCFailedAllocation
Event: 14.884 Executing VM operation: ParallelGCFailedAllocation done
Event: 15.462 Executing VM operation: ParallelGCFailedAllocation
Event: 15.488 Executing VM operation: ParallelGCFailedAllocation done
Event: 16.445 Executing VM operation: ParallelGCFailedAllocation


Dynamic libraries:
e1000000-e3580000 rw-p 00000000 00:00 0 
e3580000-f5b00000 ---p 00000000 00:00 0 
f5b00000-fdc00000 rw-p 00000000 00:00 0 
fe600000-100000000 ---p 00000000 00:00 0 
100000000-100080000 rw-p 00000000 00:00 0 
100080000-140000000 ---p 00000000 00:00 0 
55f46ecd1000-55f46ecd2000 r-xp 00000000 fc:00 100840928                  /usr/lib/jvm/java-8-openjdk-amd64/jre/bin/java
55f46eed1000-55f46eed2000 r--p 00000000 fc:00 100840928                  /usr/lib/jvm/java-8-openjdk-amd64/jre/bin/java
55f46eed2000-55f46eed3000 rw-p 00001000 fc:00 100840928                  /usr/lib/jvm/java-8-openjdk-amd64/jre/bin/java
55f47063f000-55f470660000 rw-p 00000000 00:00 0                          [heap]
7f6428000000-7f6428021000 rw-p 00000000 00:00 0 
7f6428021000-7f642c000000 ---p 00000000 00:00 0 
7f6430000000-7f643032e000 rw-p 00000000 00:00 0 
7f643032e000-7f6434000000 ---p 00000000 00:00 0 
7f6434000000-7f6434021000 rw-p 00000000 00:00 0 
7f6434021000-7f6438000000 ---p 00000000 00:00 0 
7f6438000000-7f6438021000 rw-p 00000000 00:00 0 
7f6438021000-7f643c000000 ---p 00000000 00:00 0 
7f643c000000-7f643c4cb000 rw-p 00000000 00:00 0 
7f643c4cb000-7f6440000000 ---p 00000000 00:00 0 
7f6440000000-7f6440021000 rw-p 00000000 00:00 0 
7f6440021000-7f6444000000 ---p 00000000 00:00 0 
7f6444000000-7f6444021000 rw-p 00000000 00:00 0 
7f6444021000-7f6448000000 ---p 00000000 00:00 0 
7f6448000000-7f6448021000 rw-p 00000000 00:00 0 
7f6448021000-7f644c000000 ---p 00000000 00:00 0 
7f644c000000-7f644c021000 rw-p 00000000 00:00 0 
7f644c021000-7f6450000000 ---p 00000000 00:00 0 
7f6452cf0000-7f6452d07000 r-xp 00000000 fc:00 33748749                   /usr/lib/jvm/java-8-openjdk-amd64/jre/lib/amd64/libnet.so
7f6452d07000-7f6452f07000 ---p 00017000 fc:00 33748749                   /usr/lib/jvm/java-8-openjdk-amd64/jre/lib/amd64/libnet.so
7f6452f07000-7f6452f08000 r--p 00017000 fc:00 33748749                   /usr/lib/jvm/java-8-openjdk-amd64/jre/lib/amd64/libnet.so
7f6452f08000-7f6452f09000 rw-p 00018000 fc:00 33748749                   /usr/lib/jvm/java-8-openjdk-amd64/jre/lib/amd64/libnet.so
7f6452f09000-7f6452f1b000 r-xp 00000000 fc:00 33748741                   /usr/lib/jvm/java-8-openjdk-amd64/jre/lib/amd64/libnio.so
7f6452f1b000-7f645311a000 ---p 00012000 fc:00 33748741                   /usr/lib/jvm/java-8-openjdk-amd64/jre/lib/amd64/libnio.so
7f645311a000-7f645311b000 r--p 00011000 fc:00 33748741                   /usr/lib/jvm/java-8-openjdk-amd64/jre/lib/amd64/libnio.so
7f645311b000-7f645311c000 rw-p 00012000 fc:00 33748741                   /usr/lib/jvm/java-8-openjdk-amd64/jre/lib/amd64/libnio.so
7f645311c000-7f645311d000 ---p 00000000 00:00 0 
7f645311d000-7f645321d000 rw-p 00000000 00:00 0 
7f645321d000-7f6453220000 ---p 00000000 00:00 0 
7f6453220000-7f645331e000 rw-p 00000000 00:00 0 
7f645331e000-7f6453321000 ---p 00000000 00:00 0 
7f6453321000-7f645341f000 rw-p 00000000 00:00 0 
7f645341f000-7f6453422000 ---p 00000000 00:00 0 
7f6453422000-7f6453520000 rw-p 00000000 00:00 0 
7f6453520000-7f6453523000 ---p 00000000 00:00 0 
7f6453523000-7f6453621000 rw-p 00000000 00:00 0 
7f6453621000-7f64538f9000 r--p 00000000 fc:00 100669200                  /usr/lib/locale/locale-archive
7f64538f9000-7f64538fc000 ---p 00000000 00:00 0 
7f64538fc000-7f64539fa000 rw-p 00000000 00:00 0 
7f64539fa000-7f64539fd000 ---p 00000000 00:00 0 
7f64539fd000-7f6453afb000 rw-p 00000000 00:00 0 
7f6453afb000-7f6453afc000 ---p 00000000 00:00 0 
7f6453afc000-7f6454000000 rw-p 00000000 00:00 0 
7f6454000000-7f6454021000 rw-p 00000000 00:00 0 
7f6454021000-7f6458000000 ---p 00000000 00:00 0 
7f645805f000-7f6458090000 rw-p 00000000 00:00 0 
7f6458090000-7f64580ab000 r--s 00394000 fc:00 44546                      /usr/lib/jvm/java-8-openjdk-amd64/jre/lib/ext/cldrdata.jar
7f64580ab000-7f64580c6000 r--s 001d6000 fc:00 44390                      /usr/lib/jvm/java-8-openjdk-amd64/jre/lib/ext/nashorn.jar
7f64580c6000-7f645862e000 rw-p 00000000 00:00 0 
7f645862e000-7f6458800000 r--s 03ca8000 fc:00 44104                      /usr/lib/jvm/java-8-openjdk-amd64/jre/lib/rt.jar
7f6458800000-7f6458c40000 rw-p 00000000 00:00 0 
7f6458c40000-7f6459000000 ---p 00000000 00:00 0 
7f6459000000-7f6459270000 rwxp 00000000 00:00 0 
7f6459270000-7f6468000000 ---p 00000000 00:00 0 
7f6468000000-7f646816e000 rw-p 00000000 00:00 0 
7f646816e000-7f646c000000 ---p 00000000 00:00 0 
7f646c007000-7f646c011000 r--s 00117000 fc:00 44544                      /usr/lib/jvm/java-8-openjdk-amd64/jre/lib/ext/localedata.jar
7f646c011000-7f646d1a8000 rw-p 00000000 00:00 0 
7f646d1a8000-7f646d1a9000 ---p 00000000 00:00 0 
7f646d1a9000-7f646d2a9000 rw-p 00000000 00:00 0 
7f646d2a9000-7f646d2aa000 ---p 00000000 00:00 0 
7f646d2aa000-7f646d3bd000 rw-p 00000000 00:00 0 
7f646d3bd000-7f646d44f000 ---p 00000000 00:00 0 
7f646d44f000-7f646d490000 rw-p 00000000 00:00 0 
7f646d490000-7f646d4a2000 ---p 00000000 00:00 0 
7f646d4a2000-7f646d4ad000 rw-p 00000000 00:00 0 
7f646d4ad000-7f646d863000 ---p 00000000 00:00 0 
7f646d863000-7f646d86b000 r-xp 00000000 fc:00 33748757                   /usr/lib/jvm/java-8-openjdk-amd64/jre/lib/amd64/libzip.so
7f646d86b000-7f646da6a000 ---p 00008000 fc:00 33748757                   /usr/lib/jvm/java-8-openjdk-amd64/jre/lib/amd64/libzip.so
7f646da6a000-7f646da6b000 r--p 00007000 fc:00 33748757                   /usr/lib/jvm/java-8-openjdk-amd64/jre/lib/amd64/libzip.so
7f646da6b000-7f646da6c000 rw-p 00008000 fc:00 33748757                   /usr/lib/jvm/java-8-openjdk-amd64/jre/lib/amd64/libzip.so
7f646da6c000-7f646da77000 r-xp 00000000 fc:00 67547904                   /lib/x86_64-linux-gnu/libnss_files-2.23.so
7f646da77000-7f646dc76000 ---p 0000b000 fc:00 67547904                   /lib/x86_64-linux-gnu/libnss_files-2.23.so
7f646dc76000-7f646dc77000 r--p 0000a000 fc:00 67547904                   /lib/x86_64-linux-gnu/libnss_files-2.23.so
7f646dc77000-7f646dc78000 rw-p 0000b000 fc:00 67547904                   /lib/x86_64-linux-gnu/libnss_files-2.23.so
7f646dc78000-7f646dc7e000 rw-p 00000000 00:00 0 
7f646dc7e000-7f646dc89000 r-xp 00000000 fc:00 67547909                   /lib/x86_64-linux-gnu/libnss_nis-2.23.so
7f646dc89000-7f646de88000 ---p 0000b000 fc:00 67547909                   /lib/x86_64-linux-gnu/libnss_nis-2.23.so
7f646de88000-7f646de89000 r--p 0000a000 fc:00 67547909                   /lib/x86_64-linux-gnu/libnss_nis-2.23.so
7f646de89000-7f646de8a000 rw-p 0000b000 fc:00 67547909                   /lib/x86_64-linux-gnu/libnss_nis-2.23.so
7f646de8a000-7f646dea0000 r-xp 00000000 fc:00 67547894                   /lib/x86_64-linux-gnu/libnsl-2.23.so
7f646dea0000-7f646e09f000 ---p 00016000 fc:00 67547894                   /lib/x86_64-linux-gnu/libnsl-2.23.so
7f646e09f000-7f646e0a0000 r--p 00015000 fc:00 67547894                   /lib/x86_64-linux-gnu/libnsl-2.23.so
7f646e0a0000-7f646e0a1000 rw-p 00016000 fc:00 67547894                   /lib/x86_64-linux-gnu/libnsl-2.23.so
7f646e0a1000-7f646e0a3000 rw-p 00000000 00:00 0 
7f646e0a3000-7f646e0ab000 r-xp 00000000 fc:00 67547906                   /lib/x86_64-linux-gnu/libnss_compat-2.23.so
7f646e0ab000-7f646e2aa000 ---p 00008000 fc:00 67547906                   /lib/x86_64-linux-gnu/libnss_compat-2.23.so
7f646e2aa000-7f646e2ab000 r--p 00007000 fc:00 67547906                   /lib/x86_64-linux-gnu/libnss_compat-2.23.so
7f646e2ab000-7f646e2ac000 rw-p 00008000 fc:00 67547906                   /lib/x86_64-linux-gnu/libnss_compat-2.23.so
7f646e2ac000-7f646e2d5000 r-xp 00000000 fc:00 33748755                   /usr/lib/jvm/java-8-openjdk-amd64/jre/lib/amd64/libjava.so
7f646e2d5000-7f646e4d5000 ---p 00029000 fc:00 33748755                   /usr/lib/jvm/java-8-openjdk-amd64/jre/lib/amd64/libjava.so
7f646e4d5000-7f646e4d6000 r--p 00029000 fc:00 33748755                   /usr/lib/jvm/java-8-openjdk-amd64/jre/lib/amd64/libjava.so
7f646e4d6000-7f646e4d8000 rw-p 0002a000 fc:00 33748755                   /usr/lib/jvm/java-8-openjdk-amd64/jre/lib/amd64/libjava.so
7f646e4d8000-7f646e4e7000 r-xp 00000000 fc:00 33748751                   /usr/lib/jvm/java-8-openjdk-amd64/jre/lib/amd64/libverify.so
7f646e4e7000-7f646e6e6000 ---p 0000f000 fc:00 33748751                   /usr/lib/jvm/java-8-openjdk-amd64/jre/lib/amd64/libverify.so
7f646e6e6000-7f646e6e8000 r--p 0000e000 fc:00 33748751                   /usr/lib/jvm/java-8-openjdk-amd64/jre/lib/amd64/libverify.so
7f646e6e8000-7f646e6e9000 rw-p 00010000 fc:00 33748751                   /usr/lib/jvm/java-8-openjdk-amd64/jre/lib/amd64/libverify.so
7f646e6e9000-7f646e6f0000 r-xp 00000000 fc:00 67547912                   /lib/x86_64-linux-gnu/librt-2.23.so
7f646e6f0000-7f646e8ef000 ---p 00007000 fc:00 67547912                   /lib/x86_64-linux-gnu/librt-2.23.so
7f646e8ef000-7f646e8f0000 r--p 00006000 fc:00 67547912                   /lib/x86_64-linux-gnu/librt-2.23.so
7f646e8f0000-7f646e8f1000 rw-p 00007000 fc:00 67547912                   /lib/x86_64-linux-gnu/librt-2.23.so
7f646e8f1000-7f646e907000 r-xp 00000000 fc:00 67173058                   /lib/x86_64-linux-gnu/libgcc_s.so.1
7f646e907000-7f646eb06000 ---p 00016000 fc:00 67173058                   /lib/x86_64-linux-gnu/libgcc_s.so.1
7f646eb06000-7f646eb07000 rw-p 00015000 fc:00 67173058                   /lib/x86_64-linux-gnu/libgcc_s.so.1
7f646eb07000-7f646ec0f000 r-xp 00000000 fc:00 67547895                   /lib/x86_64-linux-gnu/libm-2.23.so
7f646ec0f000-7f646ee0e000 ---p 00108000 fc:00 67547895                   /lib/x86_64-linux-gnu/libm-2.23.so
7f646ee0e000-7f646ee0f000 r--p 00107000 fc:00 67547895                   /lib/x86_64-linux-gnu/libm-2.23.so
7f646ee0f000-7f646ee10000 rw-p 00108000 fc:00 67547895                   /lib/x86_64-linux-gnu/libm-2.23.so
7f646ee10000-7f646ef82000 r-xp 00000000 fc:00 67172715                   /usr/lib/x86_64-linux-gnu/libstdc++.so.6.0.21
7f646ef82000-7f646f182000 ---p 00172000 fc:00 67172715                   /usr/lib/x86_64-linux-gnu/libstdc++.so.6.0.21
7f646f182000-7f646f18c000 r--p 00172000 fc:00 67172715                   /usr/lib/x86_64-linux-gnu/libstdc++.so.6.0.21
7f646f18c000-7f646f18e000 rw-p 0017c000 fc:00 67172715                   /usr/lib/x86_64-linux-gnu/libstdc++.so.6.0.21
7f646f18e000-7f646f192000 rw-p 00000000 00:00 0 
7f646f192000-7f646fdfd000 r-xp 00000000 fc:00 100840941                  /usr/lib/jvm/java-8-openjdk-amd64/jre/lib/amd64/server/libjvm.so
7f646fdfd000-7f646fffc000 ---p 00c6b000 fc:00 100840941                  /usr/lib/jvm/java-8-openjdk-amd64/jre/lib/amd64/server/libjvm.so
7f646fffc000-7f6470091000 r--p 00c6a000 fc:00 100840941                  /usr/lib/jvm/java-8-openjdk-amd64/jre/lib/amd64/server/libjvm.so
7f6470091000-7f64700ba000 rw-p 00cff000 fc:00 100840941                  /usr/lib/jvm/java-8-openjdk-amd64/jre/lib/amd64/server/libjvm.so
7f64700ba000-7f64700ea000 rw-p 00000000 00:00 0 
7f64700ea000-7f6470102000 r-xp 00000000 fc:00 67547892                   /lib/x86_64-linux-gnu/libpthread-2.23.so
7f6470102000-7f6470301000 ---p 00018000 fc:00 67547892                   /lib/x86_64-linux-gnu/libpthread-2.23.so
7f6470301000-7f6470302000 r--p 00017000 fc:00 67547892                   /lib/x86_64-linux-gnu/libpthread-2.23.so
7f6470302000-7f6470303000 rw-p 00018000 fc:00 67547892                   /lib/x86_64-linux-gnu/libpthread-2.23.so
7f6470303000-7f6470307000 rw-p 00000000 00:00 0 
7f6470307000-7f647030a000 r-xp 00000000 fc:00 67547889                   /lib/x86_64-linux-gnu/libdl-2.23.so
7f647030a000-7f6470509000 ---p 00003000 fc:00 67547889                   /lib/x86_64-linux-gnu/libdl-2.23.so
7f6470509000-7f647050a000 r--p 00002000 fc:00 67547889                   /lib/x86_64-linux-gnu/libdl-2.23.so
7f647050a000-7f647050b000 rw-p 00003000 fc:00 67547889                   /lib/x86_64-linux-gnu/libdl-2.23.so
7f647050b000-7f6470524000 r-xp 00000000 fc:00 67173394                   /lib/x86_64-linux-gnu/libz.so.1.2.8
7f6470524000-7f6470723000 ---p 00019000 fc:00 67173394                   /lib/x86_64-linux-gnu/libz.so.1.2.8
7f6470723000-7f6470724000 r--p 00018000 fc:00 67173394                   /lib/x86_64-linux-gnu/libz.so.1.2.8
7f6470724000-7f6470725000 rw-p 00019000 fc:00 67173394                   /lib/x86_64-linux-gnu/libz.so.1.2.8
7f6470725000-7f64708e5000 r-xp 00000000 fc:00 67547891                   /lib/x86_64-linux-gnu/libc-2.23.so
7f64708e5000-7f6470ae5000 ---p 001c0000 fc:00 67547891                   /lib/x86_64-linux-gnu/libc-2.23.so
7f6470ae5000-7f6470ae9000 r--p 001c0000 fc:00 67547891                   /lib/x86_64-linux-gnu/libc-2.23.so
7f6470ae9000-7f6470aeb000 rw-p 001c4000 fc:00 67547891                   /lib/x86_64-linux-gnu/libc-2.23.so
7f6470aeb000-7f6470aef000 rw-p 00000000 00:00 0 
7f6470aef000-7f6470afd000 r-xp 00000000 fc:00 67557356                   /usr/lib/jvm/java-8-openjdk-amd64/jre/lib/amd64/jli/libjli.so
7f6470afd000-7f6470cfc000 ---p 0000e000 fc:00 67557356                   /usr/lib/jvm/java-8-openjdk-amd64/jre/lib/amd64/jli/libjli.so
7f6470cfc000-7f6470cfd000 r--p 0000d000 fc:00 67557356                   /usr/lib/jvm/java-8-openjdk-amd64/jre/lib/amd64/jli/libjli.so
7f6470cfd000-7f6470cfe000 rw-p 0000e000 fc:00 67557356                   /usr/lib/jvm/java-8-openjdk-amd64/jre/lib/amd64/jli/libjli.so
7f6470cfe000-7f6470d24000 r-xp 00000000 fc:00 67547902                   /lib/x86_64-linux-gnu/ld-2.23.so
7f6470d29000-7f6470d2b000 r--s 00001000 fc:00 44558                      /usr/lib/jvm/java-8-openjdk-amd64/jre/lib/ext/dnsns.jar
7f6470d2b000-7f6470d31000 r--s 0003d000 fc:00 44424                      /usr/lib/jvm/java-8-openjdk-amd64/jre/lib/ext/sunjce_provider.jar
7f6470d31000-7f6470d35000 r--s 0003a000 fc:00 44410                      /usr/lib/jvm/java-8-openjdk-amd64/jre/lib/ext/sunpkcs11.jar
7f6470d35000-7f6470d7a000 rw-p 00000000 00:00 0 
7f6470d7a000-7f6470e0d000 ---p 00000000 00:00 0 
7f6470e0d000-7f6470e15000 rw-s 00000000 fc:00 101339281                  /tmp/hsperfdata_vcm/4092
7f6470e15000-7f6470e18000 ---p 00000000 00:00 0 
7f6470e18000-7f6470f1a000 rw-p 00000000 00:00 0 
7f6470f1a000-7f6470f1d000 r--s 0000f000 fc:00 44384                      /usr/lib/jvm/java-8-openjdk-amd64/jre/lib/ext/icedtea-sound.jar
7f6470f1d000-7f6470f1e000 r--s 0000a000 fc:00 44362                      /usr/lib/jvm/java-8-openjdk-amd64/jre/lib/ext/jaccess.jar
7f6470f1e000-7f6470f1f000 r--s 00010000 fc:00 44360                      /usr/lib/jvm/java-8-openjdk-amd64/jre/lib/ext/zipfs.jar
7f6470f1f000-7f6470f20000 r--s 0000d000 fc:00 44350                      /usr/lib/jvm/java-8-openjdk-amd64/jre/lib/ext/sunec.jar
7f6470f20000-7f6470f21000 rw-p 00000000 00:00 0 
7f6470f21000-7f6470f22000 ---p 00000000 00:00 0 
7f6470f22000-7f6470f23000 rw-p 00000000 00:00 0 
7f6470f23000-7f6470f24000 r--p 00025000 fc:00 67547902                   /lib/x86_64-linux-gnu/ld-2.23.so
7f6470f24000-7f6470f25000 rw-p 00026000 fc:00 67547902                   /lib/x86_64-linux-gnu/ld-2.23.so
7f6470f25000-7f6470f26000 rw-p 00000000 00:00 0 
7ffd5e59c000-7ffd5e5bd000 rw-p 00000000 00:00 0                          [stack]
7ffd5e5c6000-7ffd5e5c8000 r--p 00000000 00:00 0                          [vvar]
7ffd5e5c8000-7ffd5e5ca000 r-xp 00000000 00:00 0                          [vdso]
ffffffffff600000-ffffffffff601000 r-xp 00000000 00:00 0                  [vsyscall]

VM Arguments:
java_command: MonteCarloMain
java_class_path (initial): .
Launcher Type: SUN_STANDARD

Environment Variables:
PATH=/home/vcm/bin:/home/vcm/.local/bin:/home/vcm/bin:/home/vcm/.local/bin:/usr/local/sbin:/usr/local/bin:/usr/sbin:/usr/bin:/sbin:/bin:/usr/games:/usr/local/games
SHELL=/bin/bash

Signal Handlers:
SIGSEGV: [libjvm.so+0xa791d0], sa_mask[0]=11111111011111111101111111111110, sa_flags=SA_RESTART|SA_SIGINFO
SIGBUS: [libjvm.so+0xa791d0], sa_mask[0]=11111111011111111101111111111110, sa_flags=SA_RESTART|SA_SIGINFO
SIGFPE: [libjvm.so+0x8bd050], sa_mask[0]=11111111011111111101111111111110, sa_flags=SA_RESTART|SA_SIGINFO
SIGPIPE: [libjvm.so+0x8bd050], sa_mask[0]=11111111011111111101111111111110, sa_flags=SA_RESTART|SA_SIGINFO
SIGXFSZ: [libjvm.so+0x8bd050], sa_mask[0]=11111111011111111101111111111110, sa_flags=SA_RESTART|SA_SIGINFO
SIGILL: [libjvm.so+0x8bd050], sa_mask[0]=11111111011111111101111111111110, sa_flags=SA_RESTART|SA_SIGINFO
SIGUSR1: SIG_DFL, sa_mask[0]=00000000000000000000000000000000, sa_flags=none
SIGUSR2: [libjvm.so+0x8bcf00], sa_mask[0]=00000000000000000000000000000000, sa_flags=SA_RESTART|SA_SIGINFO
SIGHUP: SIG_IGN, sa_mask[0]=00000000000000000000000000000000, sa_flags=none
SIGINT: [libjvm.so+0x8bd590], sa_mask[0]=11111111011111111101111111111110, sa_flags=SA_RESTART|SA_SIGINFO
SIGTERM: [libjvm.so+0x8bd590], sa_mask[0]=11111111011111111101111111111110, sa_flags=SA_RESTART|SA_SIGINFO
SIGQUIT: [libjvm.so+0x8bd590], sa_mask[0]=11111111011111111101111111111110, sa_flags=SA_RESTART|SA_SIGINFO


---------------  S Y S T E M  ---------------

OS:DISTRIB_ID=Ubuntu
DISTRIB_RELEASE=16.04
DISTRIB_CODENAME=xenial
DISTRIB_DESCRIPTION="Ubuntu 16.04.2 LTS"

uname:Linux 4.4.0-189-generic #219-Ubuntu SMP Tue Aug 11 12:26:50 UTC 2020 x86_64
libc:glibc 2.23 NPTL 2.23 
rlimit: STACK 8192k, CORE 0k, NPROC 7772, NOFILE 1048576, AS infinity
load average:22.84 21.12 18.58

/proc/meminfo:
MemTotal:        2030220 kB
MemFree:           62224 kB
MemAvailable:          0 kB
Buffers:              36 kB
Cached:             5176 kB
SwapCached:         2856 kB
Active:          1390488 kB
Inactive:         466984 kB
Active(anon):    1388192 kB
Inactive(anon):   465296 kB
Active(file):       2296 kB
Inactive(file):     1688 kB
Unevictable:           0 kB
Mlocked:               0 kB
SwapTotal:       2097148 kB
SwapFree:              0 kB
Dirty:                88 kB
Writeback:            84 kB
AnonPages:       1849780 kB
Mapped:             4652 kB
Shmem:              1036 kB
Slab:              43592 kB
SReclaimable:      15640 kB
SUnreclaim:        27952 kB
KernelStack:        8144 kB
PageTables:        17664 kB
NFS_Unstable:          0 kB
Bounce:                0 kB
WritebackTmp:          0 kB
CommitLimit:     3112256 kB
Committed_AS:    4662876 kB
VmallocTotal:   34359738367 kB
VmallocUsed:           0 kB
VmallocChunk:          0 kB
HardwareCorrupted:     0 kB
AnonHugePages:         0 kB
CmaTotal:              0 kB
CmaFree:               0 kB
HugePages_Total:       0
HugePages_Free:        0
HugePages_Rsvd:        0
HugePages_Surp:        0
Hugepagesize:       2048 kB
DirectMap4k:       61312 kB
DirectMap2M:     2035712 kB

container (cgroup) information:
container_type: cgroupv1
cpu_cpuset_cpus: 0-1
cpu_memory_nodes: 0
active_processor_count: 2
cpu_quota: -1
cpu_period: 100000
cpu_shares: -1
memory_limit_in_bytes: -1
memory_and_swap_limit_in_bytes: -2
memory_soft_limit_in_bytes: -1
memory_usage_in_bytes: 1902161920
memory_max_usage_in_bytes: 0


CPU:total 2 (initial active 2) (1 cores per cpu, 1 threads per core) family 6 model 15 stepping 1, cmov, cx8, fxsr, mmx, sse, sse2, sse3, ssse3, tsc, tscinvbit

/proc/cpuinfo:
processor	: 0
vendor_id	: GenuineIntel
cpu family	: 6
model		: 15
model name	: Intel(R) Xeon(R) Gold 6140 CPU @ 2.30GHz
stepping	: 1
microcode	: 0x200005e
cpu MHz		: 2300.000
cache size	: 25344 KB
physical id	: 0
siblings	: 1
core id		: 0
cpu cores	: 1
apicid		: 0
initial apicid	: 0
fpu		: yes
fpu_exception	: yes
cpuid level	: 10
wp		: yes
flags		: fpu vme de pse tsc msr pae mce cx8 apic sep mtrr pge mca cmov pat pse36 clflush mmx fxsr sse sse2 ss syscall nx lm constant_tsc arch_perfmon nopl tsc_reliable nonstop_tsc pni ssse3 cx16 tsc_deadline_timer hypervisor lahf_lm kaiser tsc_adjust arat
bugs		: cpu_meltdown spectre_v1 spectre_v2 spec_store_bypass l1tf mds swapgs itlb_multihit
bogomips	: 4600.00
clflush size	: 64
cache_alignment	: 64
address sizes	: 42 bits physical, 48 bits virtual
power management:

processor	: 1
vendor_id	: GenuineIntel
cpu family	: 6
model		: 15
model name	: Intel(R) Xeon(R) Gold 6140 CPU @ 2.30GHz
stepping	: 1
microcode	: 0x200005e
cpu MHz		: 2300.000
cache size	: 25344 KB
physical id	: 2
siblings	: 1
core id		: 0
cpu cores	: 1
apicid		: 2
initial apicid	: 2
fpu		: yes
fpu_exception	: yes
cpuid level	: 10
wp		: yes
flags		: fpu vme de pse tsc msr pae mce cx8 apic sep mtrr pge mca cmov pat pse36 clflush mmx fxsr sse sse2 ss syscall nx lm constant_tsc arch_perfmon nopl tsc_reliable nonstop_tsc pni ssse3 cx16 tsc_deadline_timer hypervisor lahf_lm kaiser tsc_adjust arat
bugs		: cpu_meltdown spectre_v1 spectre_v2 spec_store_bypass l1tf mds swapgs itlb_multihit
bogomips	: 4600.00
clflush size	: 64
cache_alignment	: 64
address sizes	: 42 bits physical, 48 bits virtual
power management:



Memory: 4k page, physical 2030220k(61688k free), swap 2097148k(0k free)

vm_info: OpenJDK 64-Bit Server VM (25.265-b01) for linux-amd64 JRE (1.8.0_265-8u265-b01-0ubuntu2~16.04-b01), built on Aug  3 2020 01:38:05 by "buildd" with gcc 5.4.0 20160609

time: Thu Sep 10 04:14:32 2020
timezone: EDT
elapsed time: 17 seconds (0d 0h 0m 17s)

