#
# There is insufficient memory for the Java Runtime Environment to continue.
# Native memory allocation (mmap) failed to map 65536 bytes for committing reserved memory.
# Possible reasons:
#   The system is out of physical RAM or swap space
#   The process is running with CompressedOops enabled, and the Java Heap may be blocking the growth of the native heap
# Possible solutions:
#   Reduce memory load on the system
#   Increase physical memory or swap space
#   Check if swap backing store is full
#   Decrease Java heap size (-Xmx/-Xms)
#   Decrease number of Java threads
#   Decrease Java thread stack sizes (-Xss)
#   Set larger code cache with -XX:ReservedCodeCacheSize=
#   JVM is running with Unscaled Compressed Oops mode in which the Java heap is
#     placed in the first 4GB address space. The Java Heap base address is the
#     maximum limit for the native heap growth. Please use -XX:HeapBaseMinAddress
#     to set the Java Heap base and to place the Java Heap above 4GB virtual address.
# This output file may be truncated or incomplete.
#
#  Out of Memory Error (os_linux.cpp:2792), pid=5814, tid=0x00007f3227923700
#
# JRE version: OpenJDK Runtime Environment (8.0_265-b01) (build 1.8.0_265-8u265-b01-0ubuntu2~16.04-b01)
# Java VM: OpenJDK 64-Bit Server VM (25.265-b01 mixed mode linux-amd64 compressed oops)
# Failed to write core dump. Core dumps have been disabled. To enable core dumping, try "ulimit -c unlimited" before starting Java again
#

---------------  T H R E A D  ---------------

Current thread (0x00007f32440b7000):  JavaThread "C1 CompilerThread1" daemon [_thread_in_vm, id=5823, stack(0x00007f3227823000,0x00007f3227924000)]

Stack: [0x00007f3227823000,0x00007f3227924000],  sp=0x00007f3227922050,  free space=1020k
Native frames: (J=compiled Java code, j=interpreted, Vv=VM code, C=native code)
V  [libjvm.so+0xa7866b]
V  [libjvm.so+0x4ccadc]
V  [libjvm.so+0x8c2178]
V  [libjvm.so+0x8b962e]
V  [libjvm.so+0xa74e24]
V  [libjvm.so+0x5ea70d]
V  [libjvm.so+0x44cf86]
V  [libjvm.so+0x88f378]
V  [libjvm.so+0x3e3e7f]
V  [libjvm.so+0x327f34]
V  [libjvm.so+0x328282]
V  [libjvm.so+0x328f77]
V  [libjvm.so+0x47b700]
V  [libjvm.so+0x47d007]
V  [libjvm.so+0xa1c727]
V  [libjvm.so+0xa1ca88]
V  [libjvm.so+0x8bf342]
C  [libpthread.so.0+0x76ba]  start_thread+0xca


Current CompileTask:
C1:  85939  802       3       java.util.Formatter$FormatSpecifier::print (946 bytes)


---------------  P R O C E S S  ---------------

Java Threads: ( => current thread )
  0x00007f32440ba000 JavaThread "Service Thread" daemon [_thread_blocked, id=5824, stack(0x00007f3227722000,0x00007f3227823000)]
=>0x00007f32440b7000 JavaThread "C1 CompilerThread1" daemon [_thread_in_vm, id=5823, stack(0x00007f3227823000,0x00007f3227924000)]
  0x00007f32440b4800 JavaThread "C2 CompilerThread0" daemon [_thread_in_vm, id=5822, stack(0x00007f3227924000,0x00007f3227a25000)]
  0x00007f32440b3000 JavaThread "Signal Dispatcher" daemon [_thread_blocked, id=5821, stack(0x00007f3227a25000,0x00007f3227b26000)]
  0x00007f3244082000 JavaThread "Finalizer" daemon [_thread_blocked, id=5820, stack(0x00007f3227dfe000,0x00007f3227eff000)]
  0x00007f324407d800 JavaThread "Reference Handler" daemon [_thread_blocked, id=5819, stack(0x00007f3227eff000,0x00007f3228000000)]
  0x00007f324400a800 JavaThread "main" [_thread_in_Java, id=5815, stack(0x00007f324d323000,0x00007f324d424000)]

Other Threads:
  0x00007f3244074000 VMThread [stack: 0x00007f32340d8000,0x00007f32341d9000] [id=5818]
  0x00007f32440bc000 WatcherThread [stack: 0x00007f3227621000,0x00007f3227722000] [id=5825]

VM state:not at safepoint (normal execution)

VM Mutex/Monitor currently owned by a thread:  ([mutex/lock_event])
[0x00007f32440061c0] CodeCache_lock - owner thread: 0x00007f32440b7000
[0x00007f3244007840] Compile_lock - owner thread: 0x00007f32440b7000
[0x00007f3244007940] MethodCompileQueue_lock - owner thread: 0x00007f32440b7000

heap address: 0x00000000e1000000, size: 496 MB, Compressed Oops mode: 32-bit
Narrow klass base: 0x0000000000000000, Narrow klass shift: 3
Compressed class space size: 1073741824 Address: 0x0000000100000000

Heap:
 PSYoungGen      total 167936K, used 127114K [0x00000000f5b00000, 0x0000000100000000, 0x0000000100000000)
  eden space 166912K, 76% used [0x00000000f5b00000,0x00000000fd712908,0x00000000ffe00000)
  from space 1024K, 6% used [0x00000000ffe00000,0x00000000ffe10000,0x00000000fff00000)
  to   space 1024K, 0% used [0x00000000fff00000,0x00000000fff00000,0x0000000100000000)
 ParOldGen       total 37888K, used 14545K [0x00000000e1000000, 0x00000000e3500000, 0x00000000f5b00000)
  object space 37888K, 38% used [0x00000000e1000000,0x00000000e1e34778,0x00000000e3500000)
 Metaspace       used 4297K, capacity 4736K, committed 4864K, reserved 1056768K
  class space    used 438K, capacity 496K, committed 512K, reserved 1048576K

Card table byte_map: [0x00007f32498b8000,0x00007f32499b1000] byte_map_base: 0x00007f32491b0000

Marking Bits: (ParMarkBitMap*) 0x00007f324c5db700
 Begin Bits: [0x00007f3248736000, 0x00007f3248ef6000)
 End Bits:   [0x00007f3248ef6000, 0x00007f32496b6000)

Polling page: 0x00007f324d42f000

CodeCache: size=245760Kb used=3716Kb max_used=3716Kb free=242043Kb
 bounds [0x00007f3235000000, 0x00007f32353b0000, 0x00007f3244000000]
 total_blobs=1072 nmethods=781 adapters=206
 compilation: enabled

Compilation events (10 events):
Event: 81.001 Thread 0x00007f32440b7000 nmethod 798 0x00007f323512d050 code [0x00007f323512d1e0, 0x00007f323512d6f0]
Event: 81.032 Thread 0x00007f32440b7000  799       3       sun.misc.FormattedFloatingDecimal::applyPrecision (162 bytes)
Event: 81.510 Thread 0x00007f32440b7000 nmethod 799 0x00007f32353842d0 code [0x00007f3235384520, 0x00007f3235385128]
Event: 81.544 Thread 0x00007f32440b7000  801       3       sun.misc.FloatingDecimal$BinaryToASCIIBuffer::getDigits (22 bytes)
Event: 82.412 Thread 0x00007f32440b7000 nmethod 801 0x00007f3235362990 code [0x00007f3235362b00, 0x00007f3235362d28]
Event: 82.431 Thread 0x00007f32440b7000  805       3       java.util.Formatter$FormatSpecifier::addZeros (161 bytes)
Event: 83.113 Thread 0x00007f32440b7000 nmethod 805 0x00007f323539b390 code [0x00007f323539b540, 0x00007f323539bb68]
Event: 83.116 Thread 0x00007f32440b7000  800       3       sun.misc.FormattedFloatingDecimal::fillDecimal (352 bytes)
Event: 84.248 Thread 0x00007f32440b7000 nmethod 800 0x00007f32353a0310 code [0x00007f32353a0600, 0x00007f32353a2008]
Event: 84.254 Thread 0x00007f32440b7000  802       3       java.util.Formatter$FormatSpecifier::print (946 bytes)

GC Heap History (10 events):
Event: 50.360 GC heap before
{Heap before GC invocations=44 (full 1):
 PSYoungGen      total 166912K, used 165952K [0x00000000f5b00000, 0x0000000100000000, 0x0000000100000000)
  eden space 165888K, 100% used [0x00000000f5b00000,0x00000000ffd00000,0x00000000ffd00000)
  from space 1024K, 6% used [0x00000000ffe00000,0x00000000ffe10000,0x00000000fff00000)
  to   space 1024K, 0% used [0x00000000ffd00000,0x00000000ffd00000,0x00000000ffe00000)
 ParOldGen       total 37888K, used 14545K [0x00000000e1000000, 0x00000000e3500000, 0x00000000f5b00000)
  object space 37888K, 38% used [0x00000000e1000000,0x00000000e1e34778,0x00000000e3500000)
 Metaspace       used 4129K, capacity 4638K, committed 4864K, reserved 1056768K
  class space    used 429K, capacity 462K, committed 512K, reserved 1048576K
Event: 50.376 GC heap after
Heap after GC invocations=44 (full 1):
 PSYoungGen      total 166912K, used 64K [0x00000000f5b00000, 0x0000000100000000, 0x0000000100000000)
  eden space 165888K, 0% used [0x00000000f5b00000,0x00000000f5b00000,0x00000000ffd00000)
  from space 1024K, 6% used [0x00000000ffd00000,0x00000000ffd10000,0x00000000ffe00000)
  to   space 1024K, 0% used [0x00000000fff00000,0x00000000fff00000,0x0000000100000000)
 ParOldGen       total 37888K, used 14545K [0x00000000e1000000, 0x00000000e3500000, 0x00000000f5b00000)
  object space 37888K, 38% used [0x00000000e1000000,0x00000000e1e34778,0x00000000e3500000)
 Metaspace       used 4129K, capacity 4638K, committed 4864K, reserved 1056768K
  class space    used 429K, capacity 462K, committed 512K, reserved 1048576K
}
Event: 52.090 GC heap before
{Heap before GC invocations=45 (full 1):
 PSYoungGen      total 166912K, used 165952K [0x00000000f5b00000, 0x0000000100000000, 0x0000000100000000)
  eden space 165888K, 100% used [0x00000000f5b00000,0x00000000ffd00000,0x00000000ffd00000)
  from space 1024K, 6% used [0x00000000ffd00000,0x00000000ffd10000,0x00000000ffe00000)
  to   space 1024K, 0% used [0x00000000fff00000,0x00000000fff00000,0x0000000100000000)
 ParOldGen       total 37888K, used 14545K [0x00000000e1000000, 0x00000000e3500000, 0x00000000f5b00000)
  object space 37888K, 38% used [0x00000000e1000000,0x00000000e1e34778,0x00000000e3500000)
 Metaspace       used 4129K, capacity 4638K, committed 4864K, reserved 1056768K
  class space    used 429K, capacity 462K, committed 512K, reserved 1048576K
Event: 52.100 GC heap after
Heap after GC invocations=45 (full 1):
 PSYoungGen      total 167936K, used 64K [0x00000000f5b00000, 0x0000000100000000, 0x0000000100000000)
  eden space 166912K, 0% used [0x00000000f5b00000,0x00000000f5b00000,0x00000000ffe00000)
  from space 1024K, 6% used [0x00000000fff00000,0x00000000fff10000,0x0000000100000000)
  to   space 1024K, 0% used [0x00000000ffe00000,0x00000000ffe00000,0x00000000fff00000)
 ParOldGen       total 37888K, used 14545K [0x00000000e1000000, 0x00000000e3500000, 0x00000000f5b00000)
  object space 37888K, 38% used [0x00000000e1000000,0x00000000e1e34778,0x00000000e3500000)
 Metaspace       used 4129K, capacity 4638K, committed 4864K, reserved 1056768K
  class space    used 429K, capacity 462K, committed 512K, reserved 1048576K
}
Event: 53.809 GC heap before
{Heap before GC invocations=46 (full 1):
 PSYoungGen      total 167936K, used 166976K [0x00000000f5b00000, 0x0000000100000000, 0x0000000100000000)
  eden space 166912K, 100% used [0x00000000f5b00000,0x00000000ffe00000,0x00000000ffe00000)
  from space 1024K, 6% used [0x00000000fff00000,0x00000000fff10000,0x0000000100000000)
  to   space 1024K, 0% used [0x00000000ffe00000,0x00000000ffe00000,0x00000000fff00000)
 ParOldGen       total 37888K, used 14545K [0x00000000e1000000, 0x00000000e3500000, 0x00000000f5b00000)
  object space 37888K, 38% used [0x00000000e1000000,0x00000000e1e34778,0x00000000e3500000)
 Metaspace       used 4129K, capacity 4638K, committed 4864K, reserved 1056768K
  class space    used 429K, capacity 462K, committed 512K, reserved 1048576K
Event: 53.821 GC heap after
Heap after GC invocations=46 (full 1):
 PSYoungGen      total 167936K, used 64K [0x00000000f5b00000, 0x0000000100000000, 0x0000000100000000)
  eden space 166912K, 0% used [0x00000000f5b00000,0x00000000f5b00000,0x00000000ffe00000)
  from space 1024K, 6% used [0x00000000ffe00000,0x00000000ffe10000,0x00000000fff00000)
  to   space 1024K, 0% used [0x00000000fff00000,0x00000000fff00000,0x0000000100000000)
 ParOldGen       total 37888K, used 14545K [0x00000000e1000000, 0x00000000e3500000, 0x00000000f5b00000)
  object space 37888K, 38% used [0x00000000e1000000,0x00000000e1e34778,0x00000000e3500000)
 Metaspace       used 4129K, capacity 4638K, committed 4864K, reserved 1056768K
  class space    used 429K, capacity 462K, committed 512K, reserved 1048576K
}
Event: 55.521 GC heap before
{Heap before GC invocations=47 (full 1):
 PSYoungGen      total 167936K, used 166976K [0x00000000f5b00000, 0x0000000100000000, 0x0000000100000000)
  eden space 166912K, 100% used [0x00000000f5b00000,0x00000000ffe00000,0x00000000ffe00000)
  from space 1024K, 6% used [0x00000000ffe00000,0x00000000ffe10000,0x00000000fff00000)
  to   space 1024K, 0% used [0x00000000fff00000,0x00000000fff00000,0x0000000100000000)
 ParOldGen       total 37888K, used 14545K [0x00000000e1000000, 0x00000000e3500000, 0x00000000f5b00000)
  object space 37888K, 38% used [0x00000000e1000000,0x00000000e1e34778,0x00000000e3500000)
 Metaspace       used 4129K, capacity 4638K, committed 4864K, reserved 1056768K
  class space    used 429K, capacity 462K, committed 512K, reserved 1048576K
Event: 55.547 GC heap after
Heap after GC invocations=47 (full 1):
 PSYoungGen      total 167936K, used 64K [0x00000000f5b00000, 0x0000000100000000, 0x0000000100000000)
  eden space 166912K, 0% used [0x00000000f5b00000,0x00000000f5b00000,0x00000000ffe00000)
  from space 1024K, 6% used [0x00000000fff00000,0x00000000fff10000,0x0000000100000000)
  to   space 1024K, 0% used [0x00000000ffe00000,0x00000000ffe00000,0x00000000fff00000)
 ParOldGen       total 37888K, used 14545K [0x00000000e1000000, 0x00000000e3500000, 0x00000000f5b00000)
  object space 37888K, 38% used [0x00000000e1000000,0x00000000e1e34778,0x00000000e3500000)
 Metaspace       used 4129K, capacity 4638K, committed 4864K, reserved 1056768K
  class space    used 429K, capacity 462K, committed 512K, reserved 1048576K
}
Event: 57.244 GC heap before
{Heap before GC invocations=48 (full 1):
 PSYoungGen      total 167936K, used 166976K [0x00000000f5b00000, 0x0000000100000000, 0x0000000100000000)
  eden space 166912K, 100% used [0x00000000f5b00000,0x00000000ffe00000,0x00000000ffe00000)
  from space 1024K, 6% used [0x00000000fff00000,0x00000000fff10000,0x0000000100000000)
  to   space 1024K, 0% used [0x00000000ffe00000,0x00000000ffe00000,0x00000000fff00000)
 ParOldGen       total 37888K, used 14545K [0x00000000e1000000, 0x00000000e3500000, 0x00000000f5b00000)
  object space 37888K, 38% used [0x00000000e1000000,0x00000000e1e34778,0x00000000e3500000)
 Metaspace       used 4129K, capacity 4638K, committed 4864K, reserved 1056768K
  class space    used 429K, capacity 462K, committed 512K, reserved 1048576K
Event: 57.250 GC heap after
Heap after GC invocations=48 (full 1):
 PSYoungGen      total 167936K, used 64K [0x00000000f5b00000, 0x0000000100000000, 0x0000000100000000)
  eden space 166912K, 0% used [0x00000000f5b00000,0x00000000f5b00000,0x00000000ffe00000)
  from space 1024K, 6% used [0x00000000ffe00000,0x00000000ffe10000,0x00000000fff00000)
  to   space 1024K, 0% used [0x00000000fff00000,0x00000000fff00000,0x0000000100000000)
 ParOldGen       total 37888K, used 14545K [0x00000000e1000000, 0x00000000e3500000, 0x00000000f5b00000)
  object space 37888K, 38% used [0x00000000e1000000,0x00000000e1e34778,0x00000000e3500000)
 Metaspace       used 4129K, capacity 4638K, committed 4864K, reserved 1056768K
  class space    used 429K, capacity 462K, committed 512K, reserved 1048576K
}

Deoptimization events (10 events):
Event: 58.274 Thread 0x00007f324400a800 Uncommon trap: reason=class_check action=maybe_recompile pc=0x00007f3235297eac method=java.io.Writer.write(Ljava/lang/String;)V @ 7
Event: 58.274 Thread 0x00007f324400a800 Uncommon trap: reason=class_check action=maybe_recompile pc=0x00007f3235297eac method=java.io.Writer.write(Ljava/lang/String;)V @ 7
Event: 58.282 Thread 0x00007f324400a800 Uncommon trap: reason=unstable_if action=reinterpret pc=0x00007f323529de74 method=java.io.PrintWriter.format(Ljava/lang/String;[Ljava/lang/Object;)Ljava/io/PrintWriter; @ 15
Event: 58.283 Thread 0x00007f324400a800 Uncommon trap: reason=unstable_if action=reinterpret pc=0x00007f3235286630 method=java.util.regex.Pattern$BmpCharProperty.match(Ljava/util/regex/Matcher;ILjava/lang/CharSequence;)Z @ 19
Event: 58.283 Thread 0x00007f324400a800 Uncommon trap: reason=unstable_if action=reinterpret pc=0x00007f3235264ad0 method=java.util.ArrayList.grow(I)V @ 15
Event: 58.283 Thread 0x00007f324400a800 Uncommon trap: reason=unstable_if action=reinterpret pc=0x00007f32351b6f14 method=java.util.ArrayList.grow(I)V @ 15
Event: 60.762 Thread 0x00007f324400a800 Uncommon trap: reason=unstable_if action=reinterpret pc=0x00007f32352bdf14 method=MonteCarloDriver.checkInBounds(III)Z @ 1
Event: 61.593 Thread 0x00007f324400a800 Uncommon trap: reason=intrinsic action=make_not_entrant pc=0x00007f32352ef7b0 method=Particle.hopFunction(DD)D @ 25
Event: 62.888 Thread 0x00007f324400a800 Uncommon trap: reason=unstable_if action=reinterpret pc=0x00007f323528c39c method=java.lang.Integer.valueOf(I)Ljava/lang/Integer; @ 10
Event: 77.218 Thread 0x00007f324400a800 Uncommon trap: reason=intrinsic action=make_not_entrant pc=0x00007f323538f9ec method=Exciton.genHopTimes([D[DD)[D @ 59

Classes redefined (0 events):
No events

Internal exceptions (10 events):
Event: 0.130 Thread 0x00007f324400a800 Exception <a 'java/lang/NoSuchMethodError': Method sun.misc.Unsafe.defineClass(Ljava/lang/String;[BII)Ljava/lang/Class; name or signature does not match> (0x00000000f5b07cc0) thrown at [/build/openjdk-8-jsjOeo/openjdk-8-8u265-b01/src/hotspot/src/share/vm/
Event: 0.130 Thread 0x00007f324400a800 Exception <a 'java/lang/NoSuchMethodError': Method sun.misc.Unsafe.prefetchRead(Ljava/lang/Object;J)V name or signature does not match> (0x00000000f5b07fa8) thrown at [/build/openjdk-8-jsjOeo/openjdk-8-8u265-b01/src/hotspot/src/share/vm/prims/jni.cpp, lin
Event: 0.838 Thread 0x00007f324400a800 Exception <a 'java/security/PrivilegedActionException'> (0x00000000f5b67288) thrown at [/build/openjdk-8-jsjOeo/openjdk-8-8u265-b01/src/hotspot/src/share/vm/prims/jvm.cpp, line 1512]
Event: 0.838 Thread 0x00007f324400a800 Exception <a 'java/security/PrivilegedActionException'> (0x00000000f5b67680) thrown at [/build/openjdk-8-jsjOeo/openjdk-8-8u265-b01/src/hotspot/src/share/vm/prims/jvm.cpp, line 1512]
Event: 0.839 Thread 0x00007f324400a800 Exception <a 'java/security/PrivilegedActionException'> (0x00000000f5b69ad8) thrown at [/build/openjdk-8-jsjOeo/openjdk-8-8u265-b01/src/hotspot/src/share/vm/prims/jvm.cpp, line 1512]
Event: 0.839 Thread 0x00007f324400a800 Exception <a 'java/security/PrivilegedActionException'> (0x00000000f5b69ed0) thrown at [/build/openjdk-8-jsjOeo/openjdk-8-8u265-b01/src/hotspot/src/share/vm/prims/jvm.cpp, line 1512]
Event: 0.839 Thread 0x00007f324400a800 Exception <a 'java/security/PrivilegedActionException'> (0x00000000f5b6ad78) thrown at [/build/openjdk-8-jsjOeo/openjdk-8-8u265-b01/src/hotspot/src/share/vm/prims/jvm.cpp, line 1512]
Event: 0.839 Thread 0x00007f324400a800 Exception <a 'java/security/PrivilegedActionException'> (0x00000000f5b6b170) thrown at [/build/openjdk-8-jsjOeo/openjdk-8-8u265-b01/src/hotspot/src/share/vm/prims/jvm.cpp, line 1512]
Event: 37.896 Thread 0x00007f324400a800 Implicit null exception at 0x00007f32352944a2 to 0x00007f3235294879
Event: 58.281 Thread 0x00007f324400a800 Implicit null exception at 0x00007f323529da62 to 0x00007f323529de39

Events (10 events):
Event: 76.446 Thread 0x00007f324400a800 DEOPT UNPACKING pc=0x00007f32350470c4 sp=0x00007f324d422130 mode 0
Event: 77.211 Thread 0x00007f324400a800 Uncommon trap: trap_request=0xffffffcc fr.pc=0x00007f323538f9ec
Event: 77.218 Thread 0x00007f324400a800 DEOPT PACKING pc=0x00007f323538f9ec sp=0x00007f324d4224e0
Event: 77.221 Thread 0x00007f324400a800 DEOPT UNPACKING pc=0x00007f323504547a sp=0x00007f324d4223c8 mode 2
Event: 77.227 Thread 0x00007f324400a800 DEOPT PACKING pc=0x00007f32353163f5 sp=0x00007f324d422390
Event: 77.227 Thread 0x00007f324400a800 DEOPT UNPACKING pc=0x00007f32350470c4 sp=0x00007f324d422160 mode 0
Event: 84.252 Thread 0x00007f324400a800 DEOPT PACKING pc=0x00007f323534a809 sp=0x00007f324d422470
Event: 84.253 Thread 0x00007f324400a800 DEOPT UNPACKING pc=0x00007f32350470c4 sp=0x00007f324d422218 mode 0
Event: 84.369 Thread 0x00007f324400a800 DEOPT PACKING pc=0x00007f323534b749 sp=0x00007f324d422470
Event: 84.406 Thread 0x00007f324400a800 DEOPT UNPACKING pc=0x00007f32350470c4 sp=0x00007f324d422218 mode 0


Dynamic libraries:
e1000000-e3500000 rw-p 00000000 00:00 0 
e3500000-f5b00000 ---p 00000000 00:00 0 
f5b00000-100000000 rw-p 00000000 00:00 0 
100000000-100080000 rw-p 00000000 00:00 0 
100080000-140000000 ---p 00000000 00:00 0 
5604d1fd8000-5604d1fd9000 r-xp 00000000 fc:00 100840928                  /usr/lib/jvm/java-8-openjdk-amd64/jre/bin/java
5604d21d8000-5604d21d9000 r--p 00000000 fc:00 100840928                  /usr/lib/jvm/java-8-openjdk-amd64/jre/bin/java
5604d21d9000-5604d21da000 rw-p 00001000 fc:00 100840928                  /usr/lib/jvm/java-8-openjdk-amd64/jre/bin/java
5604d2942000-5604d2963000 rw-p 00000000 00:00 0                          [heap]
7f3208000000-7f3208021000 rw-p 00000000 00:00 0 
7f3208021000-7f320c000000 ---p 00000000 00:00 0 
7f320c000000-7f320c021000 rw-p 00000000 00:00 0 
7f320c021000-7f3210000000 ---p 00000000 00:00 0 
7f3210000000-7f3210cd9000 rw-p 00000000 00:00 0 
7f3210cd9000-7f3214000000 ---p 00000000 00:00 0 
7f3214000000-7f3214360000 rw-p 00000000 00:00 0 
7f3214360000-7f3218000000 ---p 00000000 00:00 0 
7f3218000000-7f3218021000 rw-p 00000000 00:00 0 
7f3218021000-7f321c000000 ---p 00000000 00:00 0 
7f321c000000-7f321c021000 rw-p 00000000 00:00 0 
7f321c021000-7f3220000000 ---p 00000000 00:00 0 
7f3220000000-7f3220021000 rw-p 00000000 00:00 0 
7f3220021000-7f3224000000 ---p 00000000 00:00 0 
7f32271f5000-7f322720c000 r-xp 00000000 fc:00 33748749                   /usr/lib/jvm/java-8-openjdk-amd64/jre/lib/amd64/libnet.so
7f322720c000-7f322740c000 ---p 00017000 fc:00 33748749                   /usr/lib/jvm/java-8-openjdk-amd64/jre/lib/amd64/libnet.so
7f322740c000-7f322740d000 r--p 00017000 fc:00 33748749                   /usr/lib/jvm/java-8-openjdk-amd64/jre/lib/amd64/libnet.so
7f322740d000-7f322740e000 rw-p 00018000 fc:00 33748749                   /usr/lib/jvm/java-8-openjdk-amd64/jre/lib/amd64/libnet.so
7f322740e000-7f3227420000 r-xp 00000000 fc:00 33748741                   /usr/lib/jvm/java-8-openjdk-amd64/jre/lib/amd64/libnio.so
7f3227420000-7f322761f000 ---p 00012000 fc:00 33748741                   /usr/lib/jvm/java-8-openjdk-amd64/jre/lib/amd64/libnio.so
7f322761f000-7f3227620000 r--p 00011000 fc:00 33748741                   /usr/lib/jvm/java-8-openjdk-amd64/jre/lib/amd64/libnio.so
7f3227620000-7f3227621000 rw-p 00012000 fc:00 33748741                   /usr/lib/jvm/java-8-openjdk-amd64/jre/lib/amd64/libnio.so
7f3227621000-7f3227622000 ---p 00000000 00:00 0 
7f3227622000-7f3227722000 rw-p 00000000 00:00 0 
7f3227722000-7f3227725000 ---p 00000000 00:00 0 
7f3227725000-7f3227823000 rw-p 00000000 00:00 0 
7f3227823000-7f3227826000 ---p 00000000 00:00 0 
7f3227826000-7f3227924000 rw-p 00000000 00:00 0 
7f3227924000-7f3227927000 ---p 00000000 00:00 0 
7f3227927000-7f3227a25000 rw-p 00000000 00:00 0 
7f3227a25000-7f3227a28000 ---p 00000000 00:00 0 
7f3227a28000-7f3227b26000 rw-p 00000000 00:00 0 
7f3227b26000-7f3227dfe000 r--p 00000000 fc:00 100669200                  /usr/lib/locale/locale-archive
7f3227dfe000-7f3227e01000 ---p 00000000 00:00 0 
7f3227e01000-7f3227eff000 rw-p 00000000 00:00 0 
7f3227eff000-7f3227f02000 ---p 00000000 00:00 0 
7f3227f02000-7f3228000000 rw-p 00000000 00:00 0 
7f3228000000-7f3228021000 rw-p 00000000 00:00 0 
7f3228021000-7f322c000000 ---p 00000000 00:00 0 
7f322c000000-7f322c021000 rw-p 00000000 00:00 0 
7f322c021000-7f3230000000 ---p 00000000 00:00 0 
7f3230000000-7f3230021000 rw-p 00000000 00:00 0 
7f3230021000-7f3234000000 ---p 00000000 00:00 0 
7f3234067000-7f3234098000 rw-p 00000000 00:00 0 
7f3234098000-7f32340b3000 r--s 00394000 fc:00 44546                      /usr/lib/jvm/java-8-openjdk-amd64/jre/lib/ext/cldrdata.jar
7f32340b3000-7f32340bd000 r--s 00117000 fc:00 44544                      /usr/lib/jvm/java-8-openjdk-amd64/jre/lib/ext/localedata.jar
7f32340bd000-7f32340d8000 r--s 001d6000 fc:00 44390                      /usr/lib/jvm/java-8-openjdk-amd64/jre/lib/ext/nashorn.jar
7f32340d8000-7f32340d9000 ---p 00000000 00:00 0 
7f32340d9000-7f3234c40000 rw-p 00000000 00:00 0 
7f3234c40000-7f3235000000 ---p 00000000 00:00 0 
7f3235000000-7f32353b0000 rwxp 00000000 00:00 0 
7f32353c0000-7f3244000000 ---p 00000000 00:00 0 
7f3244000000-7f3244166000 rw-p 00000000 00:00 0 
7f3244166000-7f3248000000 ---p 00000000 00:00 0 
7f3248008000-7f324839b000 rw-p 00000000 00:00 0 
7f324839b000-7f324856d000 r--s 03ca8000 fc:00 44104                      /usr/lib/jvm/java-8-openjdk-amd64/jre/lib/rt.jar
7f324856d000-7f32496b6000 rw-p 00000000 00:00 0 
7f32496b6000-7f32496b7000 ---p 00000000 00:00 0 
7f32496b7000-7f32497b7000 rw-p 00000000 00:00 0 
7f32497b7000-7f32497b8000 ---p 00000000 00:00 0 
7f32497b8000-7f32498cb000 rw-p 00000000 00:00 0 
7f32498cb000-7f324995d000 ---p 00000000 00:00 0 
7f324995d000-7f32499b0000 rw-p 00000000 00:00 0 
7f32499b0000-7f32499c0000 rw-p 00000000 00:00 0 
7f32499c0000-7f3249d71000 ---p 00000000 00:00 0 
7f3249d71000-7f3249d79000 r-xp 00000000 fc:00 33748757                   /usr/lib/jvm/java-8-openjdk-amd64/jre/lib/amd64/libzip.so
7f3249d79000-7f3249f78000 ---p 00008000 fc:00 33748757                   /usr/lib/jvm/java-8-openjdk-amd64/jre/lib/amd64/libzip.so
7f3249f78000-7f3249f79000 r--p 00007000 fc:00 33748757                   /usr/lib/jvm/java-8-openjdk-amd64/jre/lib/amd64/libzip.so
7f3249f79000-7f3249f7a000 rw-p 00008000 fc:00 33748757                   /usr/lib/jvm/java-8-openjdk-amd64/jre/lib/amd64/libzip.so
7f3249f7a000-7f3249f85000 r-xp 00000000 fc:00 67547904                   /lib/x86_64-linux-gnu/libnss_files-2.23.so
7f3249f85000-7f324a184000 ---p 0000b000 fc:00 67547904                   /lib/x86_64-linux-gnu/libnss_files-2.23.so
7f324a184000-7f324a185000 r--p 0000a000 fc:00 67547904                   /lib/x86_64-linux-gnu/libnss_files-2.23.so
7f324a185000-7f324a186000 rw-p 0000b000 fc:00 67547904                   /lib/x86_64-linux-gnu/libnss_files-2.23.so
7f324a186000-7f324a18c000 rw-p 00000000 00:00 0 
7f324a18c000-7f324a197000 r-xp 00000000 fc:00 67547909                   /lib/x86_64-linux-gnu/libnss_nis-2.23.so
7f324a197000-7f324a396000 ---p 0000b000 fc:00 67547909                   /lib/x86_64-linux-gnu/libnss_nis-2.23.so
7f324a396000-7f324a397000 r--p 0000a000 fc:00 67547909                   /lib/x86_64-linux-gnu/libnss_nis-2.23.so
7f324a397000-7f324a398000 rw-p 0000b000 fc:00 67547909                   /lib/x86_64-linux-gnu/libnss_nis-2.23.so
7f324a398000-7f324a3ae000 r-xp 00000000 fc:00 67547894                   /lib/x86_64-linux-gnu/libnsl-2.23.so
7f324a3ae000-7f324a5ad000 ---p 00016000 fc:00 67547894                   /lib/x86_64-linux-gnu/libnsl-2.23.so
7f324a5ad000-7f324a5ae000 r--p 00015000 fc:00 67547894                   /lib/x86_64-linux-gnu/libnsl-2.23.so
7f324a5ae000-7f324a5af000 rw-p 00016000 fc:00 67547894                   /lib/x86_64-linux-gnu/libnsl-2.23.so
7f324a5af000-7f324a5b1000 rw-p 00000000 00:00 0 
7f324a5b1000-7f324a5b9000 r-xp 00000000 fc:00 67547906                   /lib/x86_64-linux-gnu/libnss_compat-2.23.so
7f324a5b9000-7f324a7b8000 ---p 00008000 fc:00 67547906                   /lib/x86_64-linux-gnu/libnss_compat-2.23.so
7f324a7b8000-7f324a7b9000 r--p 00007000 fc:00 67547906                   /lib/x86_64-linux-gnu/libnss_compat-2.23.so
7f324a7b9000-7f324a7ba000 rw-p 00008000 fc:00 67547906                   /lib/x86_64-linux-gnu/libnss_compat-2.23.so
7f324a7ba000-7f324a7e3000 r-xp 00000000 fc:00 33748755                   /usr/lib/jvm/java-8-openjdk-amd64/jre/lib/amd64/libjava.so
7f324a7e3000-7f324a9e3000 ---p 00029000 fc:00 33748755                   /usr/lib/jvm/java-8-openjdk-amd64/jre/lib/amd64/libjava.so
7f324a9e3000-7f324a9e4000 r--p 00029000 fc:00 33748755                   /usr/lib/jvm/java-8-openjdk-amd64/jre/lib/amd64/libjava.so
7f324a9e4000-7f324a9e6000 rw-p 0002a000 fc:00 33748755                   /usr/lib/jvm/java-8-openjdk-amd64/jre/lib/amd64/libjava.so
7f324a9e6000-7f324a9f5000 r-xp 00000000 fc:00 33748751                   /usr/lib/jvm/java-8-openjdk-amd64/jre/lib/amd64/libverify.so
7f324a9f5000-7f324abf4000 ---p 0000f000 fc:00 33748751                   /usr/lib/jvm/java-8-openjdk-amd64/jre/lib/amd64/libverify.so
7f324abf4000-7f324abf6000 r--p 0000e000 fc:00 33748751                   /usr/lib/jvm/java-8-openjdk-amd64/jre/lib/amd64/libverify.so
7f324abf6000-7f324abf7000 rw-p 00010000 fc:00 33748751                   /usr/lib/jvm/java-8-openjdk-amd64/jre/lib/amd64/libverify.so
7f324abf7000-7f324abfe000 r-xp 00000000 fc:00 67547912                   /lib/x86_64-linux-gnu/librt-2.23.so
7f324abfe000-7f324adfd000 ---p 00007000 fc:00 67547912                   /lib/x86_64-linux-gnu/librt-2.23.so
7f324adfd000-7f324adfe000 r--p 00006000 fc:00 67547912                   /lib/x86_64-linux-gnu/librt-2.23.so
7f324adfe000-7f324adff000 rw-p 00007000 fc:00 67547912                   /lib/x86_64-linux-gnu/librt-2.23.so
7f324adff000-7f324ae15000 r-xp 00000000 fc:00 67173058                   /lib/x86_64-linux-gnu/libgcc_s.so.1
7f324ae15000-7f324b014000 ---p 00016000 fc:00 67173058                   /lib/x86_64-linux-gnu/libgcc_s.so.1
7f324b014000-7f324b015000 rw-p 00015000 fc:00 67173058                   /lib/x86_64-linux-gnu/libgcc_s.so.1
7f324b015000-7f324b11d000 r-xp 00000000 fc:00 67547895                   /lib/x86_64-linux-gnu/libm-2.23.so
7f324b11d000-7f324b31c000 ---p 00108000 fc:00 67547895                   /lib/x86_64-linux-gnu/libm-2.23.so
7f324b31c000-7f324b31d000 r--p 00107000 fc:00 67547895                   /lib/x86_64-linux-gnu/libm-2.23.so
7f324b31d000-7f324b31e000 rw-p 00108000 fc:00 67547895                   /lib/x86_64-linux-gnu/libm-2.23.so
7f324b31e000-7f324b490000 r-xp 00000000 fc:00 67172715                   /usr/lib/x86_64-linux-gnu/libstdc++.so.6.0.21
7f324b490000-7f324b690000 ---p 00172000 fc:00 67172715                   /usr/lib/x86_64-linux-gnu/libstdc++.so.6.0.21
7f324b690000-7f324b69a000 r--p 00172000 fc:00 67172715                   /usr/lib/x86_64-linux-gnu/libstdc++.so.6.0.21
7f324b69a000-7f324b69c000 rw-p 0017c000 fc:00 67172715                   /usr/lib/x86_64-linux-gnu/libstdc++.so.6.0.21
7f324b69c000-7f324b6a0000 rw-p 00000000 00:00 0 
7f324b6a0000-7f324c30b000 r-xp 00000000 fc:00 100840941                  /usr/lib/jvm/java-8-openjdk-amd64/jre/lib/amd64/server/libjvm.so
7f324c30b000-7f324c50a000 ---p 00c6b000 fc:00 100840941                  /usr/lib/jvm/java-8-openjdk-amd64/jre/lib/amd64/server/libjvm.so
7f324c50a000-7f324c59f000 r--p 00c6a000 fc:00 100840941                  /usr/lib/jvm/java-8-openjdk-amd64/jre/lib/amd64/server/libjvm.so
7f324c59f000-7f324c5c8000 rw-p 00cff000 fc:00 100840941                  /usr/lib/jvm/java-8-openjdk-amd64/jre/lib/amd64/server/libjvm.so
7f324c5c8000-7f324c5f8000 rw-p 00000000 00:00 0 
7f324c5f8000-7f324c610000 r-xp 00000000 fc:00 67547892                   /lib/x86_64-linux-gnu/libpthread-2.23.so
7f324c610000-7f324c80f000 ---p 00018000 fc:00 67547892                   /lib/x86_64-linux-gnu/libpthread-2.23.so
7f324c80f000-7f324c810000 r--p 00017000 fc:00 67547892                   /lib/x86_64-linux-gnu/libpthread-2.23.so
7f324c810000-7f324c811000 rw-p 00018000 fc:00 67547892                   /lib/x86_64-linux-gnu/libpthread-2.23.so
7f324c811000-7f324c815000 rw-p 00000000 00:00 0 
7f324c815000-7f324c818000 r-xp 00000000 fc:00 67547889                   /lib/x86_64-linux-gnu/libdl-2.23.so
7f324c818000-7f324ca17000 ---p 00003000 fc:00 67547889                   /lib/x86_64-linux-gnu/libdl-2.23.so
7f324ca17000-7f324ca18000 r--p 00002000 fc:00 67547889                   /lib/x86_64-linux-gnu/libdl-2.23.so
7f324ca18000-7f324ca19000 rw-p 00003000 fc:00 67547889                   /lib/x86_64-linux-gnu/libdl-2.23.so
7f324ca19000-7f324ca32000 r-xp 00000000 fc:00 67173394                   /lib/x86_64-linux-gnu/libz.so.1.2.8
7f324ca32000-7f324cc31000 ---p 00019000 fc:00 67173394                   /lib/x86_64-linux-gnu/libz.so.1.2.8
7f324cc31000-7f324cc32000 r--p 00018000 fc:00 67173394                   /lib/x86_64-linux-gnu/libz.so.1.2.8
7f324cc32000-7f324cc33000 rw-p 00019000 fc:00 67173394                   /lib/x86_64-linux-gnu/libz.so.1.2.8
7f324cc33000-7f324cdf3000 r-xp 00000000 fc:00 67547891                   /lib/x86_64-linux-gnu/libc-2.23.so
7f324cdf3000-7f324cff3000 ---p 001c0000 fc:00 67547891                   /lib/x86_64-linux-gnu/libc-2.23.so
7f324cff3000-7f324cff7000 r--p 001c0000 fc:00 67547891                   /lib/x86_64-linux-gnu/libc-2.23.so
7f324cff7000-7f324cff9000 rw-p 001c4000 fc:00 67547891                   /lib/x86_64-linux-gnu/libc-2.23.so
7f324cff9000-7f324cffd000 rw-p 00000000 00:00 0 
7f324cffd000-7f324d00b000 r-xp 00000000 fc:00 67557356                   /usr/lib/jvm/java-8-openjdk-amd64/jre/lib/amd64/jli/libjli.so
7f324d00b000-7f324d20a000 ---p 0000e000 fc:00 67557356                   /usr/lib/jvm/java-8-openjdk-amd64/jre/lib/amd64/jli/libjli.so
7f324d20a000-7f324d20b000 r--p 0000d000 fc:00 67557356                   /usr/lib/jvm/java-8-openjdk-amd64/jre/lib/amd64/jli/libjli.so
7f324d20b000-7f324d20c000 rw-p 0000e000 fc:00 67557356                   /usr/lib/jvm/java-8-openjdk-amd64/jre/lib/amd64/jli/libjli.so
7f324d20c000-7f324d232000 r-xp 00000000 fc:00 67547902                   /lib/x86_64-linux-gnu/ld-2.23.so
7f324d237000-7f324d239000 r--s 00001000 fc:00 44558                      /usr/lib/jvm/java-8-openjdk-amd64/jre/lib/ext/dnsns.jar
7f324d239000-7f324d23f000 r--s 0003d000 fc:00 44424                      /usr/lib/jvm/java-8-openjdk-amd64/jre/lib/ext/sunjce_provider.jar
7f324d23f000-7f324d243000 r--s 0003a000 fc:00 44410                      /usr/lib/jvm/java-8-openjdk-amd64/jre/lib/ext/sunpkcs11.jar
7f324d243000-7f324d288000 rw-p 00000000 00:00 0 
7f324d288000-7f324d31b000 ---p 00000000 00:00 0 
7f324d31b000-7f324d323000 rw-s 00000000 fc:00 101280514                  /tmp/hsperfdata_vcm/5814
7f324d323000-7f324d326000 ---p 00000000 00:00 0 
7f324d326000-7f324d428000 rw-p 00000000 00:00 0 
7f324d428000-7f324d42b000 r--s 0000f000 fc:00 44384                      /usr/lib/jvm/java-8-openjdk-amd64/jre/lib/ext/icedtea-sound.jar
7f324d42b000-7f324d42c000 r--s 0000a000 fc:00 44362                      /usr/lib/jvm/java-8-openjdk-amd64/jre/lib/ext/jaccess.jar
7f324d42c000-7f324d42d000 r--s 00010000 fc:00 44360                      /usr/lib/jvm/java-8-openjdk-amd64/jre/lib/ext/zipfs.jar
7f324d42d000-7f324d42e000 r--s 0000d000 fc:00 44350                      /usr/lib/jvm/java-8-openjdk-amd64/jre/lib/ext/sunec.jar
7f324d42e000-7f324d42f000 rw-p 00000000 00:00 0 
7f324d42f000-7f324d430000 r--p 00000000 00:00 0 
7f324d430000-7f324d431000 rw-p 00000000 00:00 0 
7f324d431000-7f324d432000 r--p 00025000 fc:00 67547902                   /lib/x86_64-linux-gnu/ld-2.23.so
7f324d432000-7f324d433000 rw-p 00026000 fc:00 67547902                   /lib/x86_64-linux-gnu/ld-2.23.so
7f324d433000-7f324d434000 rw-p 00000000 00:00 0 
7ffcacbed000-7ffcacc0e000 rw-p 00000000 00:00 0                          [stack]
7ffcacce7000-7ffcacce9000 r--p 00000000 00:00 0                          [vvar]
7ffcacce9000-7ffcacceb000 r-xp 00000000 00:00 0                          [vdso]
ffffffffff600000-ffffffffff601000 r-xp 00000000 00:00 0                  [vsyscall]

VM Arguments:
java_command: MonteCarloMain
java_class_path (initial): .
Launcher Type: SUN_STANDARD

Environment Variables:
PATH=/home/vcm/bin:/home/vcm/.local/bin:/home/vcm/bin:/home/vcm/.local/bin:/usr/local/sbin:/usr/local/bin:/usr/sbin:/usr/bin:/sbin:/bin:/usr/games:/usr/local/games
SHELL=/bin/bash

Signal Handlers:
SIGSEGV: [libjvm.so+0xa791d0], sa_mask[0]=11111111011111111101111111111110, sa_flags=SA_RESTART|SA_SIGINFO
SIGBUS: [libjvm.so+0xa791d0], sa_mask[0]=11111111011111111101111111111110, sa_flags=SA_RESTART|SA_SIGINFO
SIGFPE: [libjvm.so+0x8bd050], sa_mask[0]=11111111011111111101111111111110, sa_flags=SA_RESTART|SA_SIGINFO
SIGPIPE: [libjvm.so+0x8bd050], sa_mask[0]=11111111011111111101111111111110, sa_flags=SA_RESTART|SA_SIGINFO
SIGXFSZ: [libjvm.so+0x8bd050], sa_mask[0]=11111111011111111101111111111110, sa_flags=SA_RESTART|SA_SIGINFO
SIGILL: [libjvm.so+0x8bd050], sa_mask[0]=11111111011111111101111111111110, sa_flags=SA_RESTART|SA_SIGINFO
SIGUSR1: SIG_DFL, sa_mask[0]=00000000000000000000000000000000, sa_flags=none
SIGUSR2: [libjvm.so+0x8bcf00], sa_mask[0]=00000000000000000000000000000000, sa_flags=SA_RESTART|SA_SIGINFO
SIGHUP: SIG_IGN, sa_mask[0]=00000000000000000000000000000000, sa_flags=none
SIGINT: [libjvm.so+0x8bd590], sa_mask[0]=11111111011111111101111111111110, sa_flags=SA_RESTART|SA_SIGINFO
SIGTERM: [libjvm.so+0x8bd590], sa_mask[0]=11111111011111111101111111111110, sa_flags=SA_RESTART|SA_SIGINFO
SIGQUIT: [libjvm.so+0x8bd590], sa_mask[0]=11111111011111111101111111111110, sa_flags=SA_RESTART|SA_SIGINFO


---------------  S Y S T E M  ---------------

OS:DISTRIB_ID=Ubuntu
DISTRIB_RELEASE=16.04
DISTRIB_CODENAME=xenial
DISTRIB_DESCRIPTION="Ubuntu 16.04.2 LTS"

uname:Linux 4.4.0-189-generic #219-Ubuntu SMP Tue Aug 11 12:26:50 UTC 2020 x86_64
libc:glibc 2.23 NPTL 2.23 
rlimit: STACK 8192k, CORE 0k, NPROC 7772, NOFILE 1048576, AS infinity
load average:26.76 25.20 24.38

/proc/meminfo:
MemTotal:        2030220 kB
MemFree:           53768 kB
MemAvailable:          0 kB
Buffers:              36 kB
Cached:             8596 kB
SwapCached:         4492 kB
Active:          1397184 kB
Inactive:         472428 kB
Active(anon):    1394572 kB
Inactive(anon):   470596 kB
Active(file):       2612 kB
Inactive(file):     1832 kB
Unevictable:           0 kB
Mlocked:               0 kB
SwapTotal:       2097148 kB
SwapFree:              0 kB
Dirty:                48 kB
Writeback:             0 kB
AnonPages:       1857032 kB
Mapped:             4164 kB
Shmem:              4024 kB
Slab:              45100 kB
SReclaimable:      16044 kB
SUnreclaim:        29056 kB
KernelStack:        8320 kB
PageTables:        17896 kB
NFS_Unstable:          0 kB
Bounce:                0 kB
WritebackTmp:          0 kB
CommitLimit:     3112256 kB
Committed_AS:    4688260 kB
VmallocTotal:   34359738367 kB
VmallocUsed:           0 kB
VmallocChunk:          0 kB
HardwareCorrupted:     0 kB
AnonHugePages:         0 kB
CmaTotal:              0 kB
CmaFree:               0 kB
HugePages_Total:       0
HugePages_Free:        0
HugePages_Rsvd:        0
HugePages_Surp:        0
Hugepagesize:       2048 kB
DirectMap4k:       61312 kB
DirectMap2M:     2035712 kB

container (cgroup) information:
container_type: cgroupv1
cpu_cpuset_cpus: 0-1
cpu_memory_nodes: 0
active_processor_count: 2
cpu_quota: -1
cpu_period: 100000
cpu_shares: -1
memory_limit_in_bytes: -1
memory_and_swap_limit_in_bytes: -2
memory_soft_limit_in_bytes: -1
memory_usage_in_bytes: 1913438208
memory_max_usage_in_bytes: 0


CPU:total 2 (initial active 2) (1 cores per cpu, 1 threads per core) family 6 model 15 stepping 1, cmov, cx8, fxsr, mmx, sse, sse2, sse3, ssse3, tsc, tscinvbit

/proc/cpuinfo:
processor	: 0
vendor_id	: GenuineIntel
cpu family	: 6
model		: 15
model name	: Intel(R) Xeon(R) Gold 6140 CPU @ 2.30GHz
stepping	: 1
microcode	: 0x200005e
cpu MHz		: 2300.000
cache size	: 25344 KB
physical id	: 0
siblings	: 1
core id		: 0
cpu cores	: 1
apicid		: 0
initial apicid	: 0
fpu		: yes
fpu_exception	: yes
cpuid level	: 10
wp		: yes
flags		: fpu vme de pse tsc msr pae mce cx8 apic sep mtrr pge mca cmov pat pse36 clflush mmx fxsr sse sse2 ss syscall nx lm constant_tsc arch_perfmon nopl tsc_reliable nonstop_tsc pni ssse3 cx16 tsc_deadline_timer hypervisor lahf_lm kaiser tsc_adjust arat
bugs		: cpu_meltdown spectre_v1 spectre_v2 spec_store_bypass l1tf mds swapgs itlb_multihit
bogomips	: 4600.00
clflush size	: 64
cache_alignment	: 64
address sizes	: 42 bits physical, 48 bits virtual
power management:

processor	: 1
vendor_id	: GenuineIntel
cpu family	: 6
model		: 15
model name	: Intel(R) Xeon(R) Gold 6140 CPU @ 2.30GHz
stepping	: 1
microcode	: 0x200005e
cpu MHz		: 2300.000
cache size	: 25344 KB
physical id	: 2
siblings	: 1
core id		: 0
cpu cores	: 1
apicid		: 2
initial apicid	: 2
fpu		: yes
fpu_exception	: yes
cpuid level	: 10
wp		: yes
flags		: fpu vme de pse tsc msr pae mce cx8 apic sep mtrr pge mca cmov pat pse36 clflush mmx fxsr sse sse2 ss syscall nx lm constant_tsc arch_perfmon nopl tsc_reliable nonstop_tsc pni ssse3 cx16 tsc_deadline_timer hypervisor lahf_lm kaiser tsc_adjust arat
bugs		: cpu_meltdown spectre_v1 spectre_v2 spec_store_bypass l1tf mds swapgs itlb_multihit
bogomips	: 4600.00
clflush size	: 64
cache_alignment	: 64
address sizes	: 42 bits physical, 48 bits virtual
power management:



Memory: 4k page, physical 2030220k(54220k free), swap 2097148k(0k free)

vm_info: OpenJDK 64-Bit Server VM (25.265-b01) for linux-amd64 JRE (1.8.0_265-8u265-b01-0ubuntu2~16.04-b01), built on Aug  3 2020 01:38:05 by "buildd" with gcc 5.4.0 20160609

time: Fri Sep 11 02:47:53 2020
timezone: EDT
elapsed time: 86 seconds (0d 0h 1m 26s)

