#
# There is insufficient memory for the Java Runtime Environment to continue.
# Native memory allocation (mmap) failed to map 16252928 bytes for committing reserved memory.
# Possible reasons:
#   The system is out of physical RAM or swap space
#   The process is running with CompressedOops enabled, and the Java Heap may be blocking the growth of the native heap
# Possible solutions:
#   Reduce memory load on the system
#   Increase physical memory or swap space
#   Check if swap backing store is full
#   Decrease Java heap size (-Xmx/-Xms)
#   Decrease number of Java threads
#   Decrease Java thread stack sizes (-Xss)
#   Set larger code cache with -XX:ReservedCodeCacheSize=
# This output file may be truncated or incomplete.
#
#  Out of Memory Error (os_linux.cpp:2792), pid=4189, tid=0x00007f3f2da9a700
#
# JRE version:  (8.0_265-b01) (build )
# Java VM: OpenJDK 64-Bit Server VM (25.265-b01 mixed mode linux-amd64 compressed oops)
# Failed to write core dump. Core dumps have been disabled. To enable core dumping, try "ulimit -c unlimited" before starting Java again
#

---------------  T H R E A D  ---------------

Current thread (0x00007f3f2400a800):  JavaThread "Unknown thread" [_thread_in_vm, id=4190, stack(0x00007f3f2d99a000,0x00007f3f2da9b000)]

Stack: [0x00007f3f2d99a000,0x00007f3f2da9b000],  sp=0x00007f3f2da99630,  free space=1021k
Native frames: (J=compiled Java code, j=interpreted, Vv=VM code, C=native code)
V  [libjvm.so+0xa7866b]
V  [libjvm.so+0x4ccadc]
V  [libjvm.so+0x8c2178]
V  [libjvm.so+0x8b962e]
V  [libjvm.so+0x93ad76]
V  [libjvm.so+0x8e1330]
V  [libjvm.so+0x9331b1]
V  [libjvm.so+0x8ead45]
V  [libjvm.so+0xa3c209]
V  [libjvm.so+0xa3c452]
V  [libjvm.so+0x61378f]
V  [libjvm.so+0xa2092b]
V  [libjvm.so+0x68e090]  JNI_CreateJavaVM+0x60
C  [libjli.so+0x2f8a]
C  [libjli.so+0x75cd]
C  [libpthread.so.0+0x76ba]  start_thread+0xca


---------------  P R O C E S S  ---------------

Java Threads: ( => current thread )

Other Threads:

=>0x00007f3f2400a800 (exited) JavaThread "Unknown thread" [_thread_in_vm, id=4190, stack(0x00007f3f2d99a000,0x00007f3f2da9b000)]

VM state:not at safepoint (not fully initialized)

VM Mutex/Monitor currently owned by a thread: None

heap address: 0x00000000e1000000, size: 496 MB, Compressed Oops mode: Non-zero based:0x00000000e0fff000
Narrow klass base: 0x0000000000000000, Narrow klass shift: 0

GC Heap History (0 events):
No events

Deoptimization events (0 events):
No events

Classes redefined (0 events):
No events

Internal exceptions (0 events):
No events

Events (0 events):
No events


Dynamic libraries:
e1000000-e1580000 rw-p 00000000 00:00 0 
e1580000-f5b00000 ---p 00000000 00:00 0 
f5b00000-f5d80000 rw-p 00000000 00:00 0 
f5d80000-100000000 ---p 00000000 00:00 0 
55712c4f6000-55712c4f7000 r-xp 00000000 fc:00 33788188                   /usr/lib/jvm/java-8-openjdk-amd64/bin/javac
55712c6f6000-55712c6f7000 r--p 00000000 fc:00 33788188                   /usr/lib/jvm/java-8-openjdk-amd64/bin/javac
55712c6f7000-55712c6f8000 rw-p 00001000 fc:00 33788188                   /usr/lib/jvm/java-8-openjdk-amd64/bin/javac
55712e65b000-55712e67c000 rw-p 00000000 00:00 0                          [heap]
7f3f08000000-7f3f08021000 rw-p 00000000 00:00 0 
7f3f08021000-7f3f0c000000 ---p 00000000 00:00 0 
7f3f10000000-7f3f10021000 rw-p 00000000 00:00 0 
7f3f10021000-7f3f14000000 ---p 00000000 00:00 0 
7f3f15000000-7f3f15270000 rwxp 00000000 00:00 0 
7f3f15270000-7f3f24000000 ---p 00000000 00:00 0 
7f3f24000000-7f3f24039000 rw-p 00000000 00:00 0 
7f3f24039000-7f3f28000000 ---p 00000000 00:00 0 
7f3f29d2d000-7f3f29d2e000 ---p 00000000 00:00 0 
7f3f29d2e000-7f3f29e2e000 rw-p 00000000 00:00 0 
7f3f29e2e000-7f3f29e2f000 ---p 00000000 00:00 0 
7f3f29e2f000-7f3f29f32000 rw-p 00000000 00:00 0 
7f3f29f32000-7f3f29fd4000 ---p 00000000 00:00 0 
7f3f29fd4000-7f3f29fd6000 rw-p 00000000 00:00 0 
7f3f29fd6000-7f3f2a027000 ---p 00000000 00:00 0 
7f3f2a027000-7f3f2a032000 rw-p 00000000 00:00 0 
7f3f2a032000-7f3f2a3e8000 ---p 00000000 00:00 0 
7f3f2a3e8000-7f3f2a3f0000 r-xp 00000000 fc:00 33748757                   /usr/lib/jvm/java-8-openjdk-amd64/jre/lib/amd64/libzip.so
7f3f2a3f0000-7f3f2a5ef000 ---p 00008000 fc:00 33748757                   /usr/lib/jvm/java-8-openjdk-amd64/jre/lib/amd64/libzip.so
7f3f2a5ef000-7f3f2a5f0000 r--p 00007000 fc:00 33748757                   /usr/lib/jvm/java-8-openjdk-amd64/jre/lib/amd64/libzip.so
7f3f2a5f0000-7f3f2a5f1000 rw-p 00008000 fc:00 33748757                   /usr/lib/jvm/java-8-openjdk-amd64/jre/lib/amd64/libzip.so
7f3f2a5f1000-7f3f2a5fc000 r-xp 00000000 fc:00 67547904                   /lib/x86_64-linux-gnu/libnss_files-2.23.so
7f3f2a5fc000-7f3f2a7fb000 ---p 0000b000 fc:00 67547904                   /lib/x86_64-linux-gnu/libnss_files-2.23.so
7f3f2a7fb000-7f3f2a7fc000 r--p 0000a000 fc:00 67547904                   /lib/x86_64-linux-gnu/libnss_files-2.23.so
7f3f2a7fc000-7f3f2a7fd000 rw-p 0000b000 fc:00 67547904                   /lib/x86_64-linux-gnu/libnss_files-2.23.so
7f3f2a7fd000-7f3f2a803000 rw-p 00000000 00:00 0 
7f3f2a803000-7f3f2a80e000 r-xp 00000000 fc:00 67547909                   /lib/x86_64-linux-gnu/libnss_nis-2.23.so
7f3f2a80e000-7f3f2aa0d000 ---p 0000b000 fc:00 67547909                   /lib/x86_64-linux-gnu/libnss_nis-2.23.so
7f3f2aa0d000-7f3f2aa0e000 r--p 0000a000 fc:00 67547909                   /lib/x86_64-linux-gnu/libnss_nis-2.23.so
7f3f2aa0e000-7f3f2aa0f000 rw-p 0000b000 fc:00 67547909                   /lib/x86_64-linux-gnu/libnss_nis-2.23.so
7f3f2aa0f000-7f3f2aa25000 r-xp 00000000 fc:00 67547894                   /lib/x86_64-linux-gnu/libnsl-2.23.so
7f3f2aa25000-7f3f2ac24000 ---p 00016000 fc:00 67547894                   /lib/x86_64-linux-gnu/libnsl-2.23.so
7f3f2ac24000-7f3f2ac25000 r--p 00015000 fc:00 67547894                   /lib/x86_64-linux-gnu/libnsl-2.23.so
7f3f2ac25000-7f3f2ac26000 rw-p 00016000 fc:00 67547894                   /lib/x86_64-linux-gnu/libnsl-2.23.so
7f3f2ac26000-7f3f2ac28000 rw-p 00000000 00:00 0 
7f3f2ac28000-7f3f2ac30000 r-xp 00000000 fc:00 67547906                   /lib/x86_64-linux-gnu/libnss_compat-2.23.so
7f3f2ac30000-7f3f2ae2f000 ---p 00008000 fc:00 67547906                   /lib/x86_64-linux-gnu/libnss_compat-2.23.so
7f3f2ae2f000-7f3f2ae30000 r--p 00007000 fc:00 67547906                   /lib/x86_64-linux-gnu/libnss_compat-2.23.so
7f3f2ae30000-7f3f2ae31000 rw-p 00008000 fc:00 67547906                   /lib/x86_64-linux-gnu/libnss_compat-2.23.so
7f3f2ae31000-7f3f2ae5a000 r-xp 00000000 fc:00 33748755                   /usr/lib/jvm/java-8-openjdk-amd64/jre/lib/amd64/libjava.so
7f3f2ae5a000-7f3f2b05a000 ---p 00029000 fc:00 33748755                   /usr/lib/jvm/java-8-openjdk-amd64/jre/lib/amd64/libjava.so
7f3f2b05a000-7f3f2b05b000 r--p 00029000 fc:00 33748755                   /usr/lib/jvm/java-8-openjdk-amd64/jre/lib/amd64/libjava.so
7f3f2b05b000-7f3f2b05d000 rw-p 0002a000 fc:00 33748755                   /usr/lib/jvm/java-8-openjdk-amd64/jre/lib/amd64/libjava.so
7f3f2b05d000-7f3f2b06c000 r-xp 00000000 fc:00 33748751                   /usr/lib/jvm/java-8-openjdk-amd64/jre/lib/amd64/libverify.so
7f3f2b06c000-7f3f2b26b000 ---p 0000f000 fc:00 33748751                   /usr/lib/jvm/java-8-openjdk-amd64/jre/lib/amd64/libverify.so
7f3f2b26b000-7f3f2b26d000 r--p 0000e000 fc:00 33748751                   /usr/lib/jvm/java-8-openjdk-amd64/jre/lib/amd64/libverify.so
7f3f2b26d000-7f3f2b26e000 rw-p 00010000 fc:00 33748751                   /usr/lib/jvm/java-8-openjdk-amd64/jre/lib/amd64/libverify.so
7f3f2b26e000-7f3f2b275000 r-xp 00000000 fc:00 67547912                   /lib/x86_64-linux-gnu/librt-2.23.so
7f3f2b275000-7f3f2b474000 ---p 00007000 fc:00 67547912                   /lib/x86_64-linux-gnu/librt-2.23.so
7f3f2b474000-7f3f2b475000 r--p 00006000 fc:00 67547912                   /lib/x86_64-linux-gnu/librt-2.23.so
7f3f2b475000-7f3f2b476000 rw-p 00007000 fc:00 67547912                   /lib/x86_64-linux-gnu/librt-2.23.so
7f3f2b476000-7f3f2b48c000 r-xp 00000000 fc:00 67173058                   /lib/x86_64-linux-gnu/libgcc_s.so.1
7f3f2b48c000-7f3f2b68b000 ---p 00016000 fc:00 67173058                   /lib/x86_64-linux-gnu/libgcc_s.so.1
7f3f2b68b000-7f3f2b68c000 rw-p 00015000 fc:00 67173058                   /lib/x86_64-linux-gnu/libgcc_s.so.1
7f3f2b68c000-7f3f2b794000 r-xp 00000000 fc:00 67547895                   /lib/x86_64-linux-gnu/libm-2.23.so
7f3f2b794000-7f3f2b993000 ---p 00108000 fc:00 67547895                   /lib/x86_64-linux-gnu/libm-2.23.so
7f3f2b993000-7f3f2b994000 r--p 00107000 fc:00 67547895                   /lib/x86_64-linux-gnu/libm-2.23.so
7f3f2b994000-7f3f2b995000 rw-p 00108000 fc:00 67547895                   /lib/x86_64-linux-gnu/libm-2.23.so
7f3f2b995000-7f3f2bb07000 r-xp 00000000 fc:00 67172715                   /usr/lib/x86_64-linux-gnu/libstdc++.so.6.0.21
7f3f2bb07000-7f3f2bd07000 ---p 00172000 fc:00 67172715                   /usr/lib/x86_64-linux-gnu/libstdc++.so.6.0.21
7f3f2bd07000-7f3f2bd11000 r--p 00172000 fc:00 67172715                   /usr/lib/x86_64-linux-gnu/libstdc++.so.6.0.21
7f3f2bd11000-7f3f2bd13000 rw-p 0017c000 fc:00 67172715                   /usr/lib/x86_64-linux-gnu/libstdc++.so.6.0.21
7f3f2bd13000-7f3f2bd17000 rw-p 00000000 00:00 0 
7f3f2bd17000-7f3f2c982000 r-xp 00000000 fc:00 100840941                  /usr/lib/jvm/java-8-openjdk-amd64/jre/lib/amd64/server/libjvm.so
7f3f2c982000-7f3f2cb81000 ---p 00c6b000 fc:00 100840941                  /usr/lib/jvm/java-8-openjdk-amd64/jre/lib/amd64/server/libjvm.so
7f3f2cb81000-7f3f2cc16000 r--p 00c6a000 fc:00 100840941                  /usr/lib/jvm/java-8-openjdk-amd64/jre/lib/amd64/server/libjvm.so
7f3f2cc16000-7f3f2cc3f000 rw-p 00cff000 fc:00 100840941                  /usr/lib/jvm/java-8-openjdk-amd64/jre/lib/amd64/server/libjvm.so
7f3f2cc3f000-7f3f2cc6f000 rw-p 00000000 00:00 0 
7f3f2cc6f000-7f3f2cc87000 r-xp 00000000 fc:00 67547892                   /lib/x86_64-linux-gnu/libpthread-2.23.so
7f3f2cc87000-7f3f2ce86000 ---p 00018000 fc:00 67547892                   /lib/x86_64-linux-gnu/libpthread-2.23.so
7f3f2ce86000-7f3f2ce87000 r--p 00017000 fc:00 67547892                   /lib/x86_64-linux-gnu/libpthread-2.23.so
7f3f2ce87000-7f3f2ce88000 rw-p 00018000 fc:00 67547892                   /lib/x86_64-linux-gnu/libpthread-2.23.so
7f3f2ce88000-7f3f2ce8c000 rw-p 00000000 00:00 0 
7f3f2ce8c000-7f3f2ce8f000 r-xp 00000000 fc:00 67547889                   /lib/x86_64-linux-gnu/libdl-2.23.so
7f3f2ce8f000-7f3f2d08e000 ---p 00003000 fc:00 67547889                   /lib/x86_64-linux-gnu/libdl-2.23.so
7f3f2d08e000-7f3f2d08f000 r--p 00002000 fc:00 67547889                   /lib/x86_64-linux-gnu/libdl-2.23.so
7f3f2d08f000-7f3f2d090000 rw-p 00003000 fc:00 67547889                   /lib/x86_64-linux-gnu/libdl-2.23.so
7f3f2d090000-7f3f2d0a9000 r-xp 00000000 fc:00 67173394                   /lib/x86_64-linux-gnu/libz.so.1.2.8
7f3f2d0a9000-7f3f2d2a8000 ---p 00019000 fc:00 67173394                   /lib/x86_64-linux-gnu/libz.so.1.2.8
7f3f2d2a8000-7f3f2d2a9000 r--p 00018000 fc:00 67173394                   /lib/x86_64-linux-gnu/libz.so.1.2.8
7f3f2d2a9000-7f3f2d2aa000 rw-p 00019000 fc:00 67173394                   /lib/x86_64-linux-gnu/libz.so.1.2.8
7f3f2d2aa000-7f3f2d46a000 r-xp 00000000 fc:00 67547891                   /lib/x86_64-linux-gnu/libc-2.23.so
7f3f2d46a000-7f3f2d66a000 ---p 001c0000 fc:00 67547891                   /lib/x86_64-linux-gnu/libc-2.23.so
7f3f2d66a000-7f3f2d66e000 r--p 001c0000 fc:00 67547891                   /lib/x86_64-linux-gnu/libc-2.23.so
7f3f2d66e000-7f3f2d670000 rw-p 001c4000 fc:00 67547891                   /lib/x86_64-linux-gnu/libc-2.23.so
7f3f2d670000-7f3f2d674000 rw-p 00000000 00:00 0 
7f3f2d674000-7f3f2d682000 r-xp 00000000 fc:00 67557356                   /usr/lib/jvm/java-8-openjdk-amd64/jre/lib/amd64/jli/libjli.so
7f3f2d682000-7f3f2d881000 ---p 0000e000 fc:00 67557356                   /usr/lib/jvm/java-8-openjdk-amd64/jre/lib/amd64/jli/libjli.so
7f3f2d881000-7f3f2d882000 r--p 0000d000 fc:00 67557356                   /usr/lib/jvm/java-8-openjdk-amd64/jre/lib/amd64/jli/libjli.so
7f3f2d882000-7f3f2d883000 rw-p 0000e000 fc:00 67557356                   /usr/lib/jvm/java-8-openjdk-amd64/jre/lib/amd64/jli/libjli.so
7f3f2d883000-7f3f2d8a9000 r-xp 00000000 fc:00 67547902                   /lib/x86_64-linux-gnu/ld-2.23.so
7f3f2d8ec000-7f3f2d8ef000 rw-p 00000000 00:00 0 
7f3f2d8ef000-7f3f2d992000 ---p 00000000 00:00 0 
7f3f2d992000-7f3f2d99a000 rw-s 00000000 fc:00 101339283                  /tmp/hsperfdata_vcm/4189
7f3f2d99a000-7f3f2d99d000 ---p 00000000 00:00 0 
7f3f2d99d000-7f3f2da9f000 rw-p 00000000 00:00 0 
7f3f2daa5000-7f3f2daa6000 rw-p 00000000 00:00 0 
7f3f2daa6000-7f3f2daa7000 r--p 00000000 00:00 0 
7f3f2daa7000-7f3f2daa8000 rw-p 00000000 00:00 0 
7f3f2daa8000-7f3f2daa9000 r--p 00025000 fc:00 67547902                   /lib/x86_64-linux-gnu/ld-2.23.so
7f3f2daa9000-7f3f2daaa000 rw-p 00026000 fc:00 67547902                   /lib/x86_64-linux-gnu/ld-2.23.so
7f3f2daaa000-7f3f2daab000 rw-p 00000000 00:00 0 
7ffe9bce7000-7ffe9bd08000 rw-p 00000000 00:00 0                          [stack]
7ffe9bd0d000-7ffe9bd0f000 r--p 00000000 00:00 0                          [vvar]
7ffe9bd0f000-7ffe9bd11000 r-xp 00000000 00:00 0                          [vdso]
ffffffffff600000-ffffffffff601000 r-xp 00000000 00:00 0                  [vsyscall]

VM Arguments:
jvm_args: -Dapplication.home=/usr/lib/jvm/java-8-openjdk-amd64 -Xms8m 
java_command: com.sun.tools.javac.Main MonteCarloMain.java
java_class_path (initial): /usr/lib/jvm/java-8-openjdk-amd64/lib/tools.jar:/usr/lib/jvm/java-8-openjdk-amd64/classes
Launcher Type: SUN_STANDARD

Environment Variables:
PATH=/home/vcm/bin:/home/vcm/.local/bin:/home/vcm/bin:/home/vcm/.local/bin:/usr/local/sbin:/usr/local/bin:/usr/sbin:/usr/bin:/sbin:/bin:/usr/games:/usr/local/games
SHELL=/bin/bash

Signal Handlers:
SIGSEGV: [libjvm.so+0xa791d0], sa_mask[0]=11111111011111111101111111111110, sa_flags=SA_RESTART|SA_SIGINFO
SIGBUS: [libjvm.so+0xa791d0], sa_mask[0]=11111111011111111101111111111110, sa_flags=SA_RESTART|SA_SIGINFO
SIGFPE: [libjvm.so+0x8bd050], sa_mask[0]=11111111011111111101111111111110, sa_flags=SA_RESTART|SA_SIGINFO
SIGPIPE: [libjvm.so+0x8bd050], sa_mask[0]=11111111011111111101111111111110, sa_flags=SA_RESTART|SA_SIGINFO
SIGXFSZ: [libjvm.so+0x8bd050], sa_mask[0]=11111111011111111101111111111110, sa_flags=SA_RESTART|SA_SIGINFO
SIGILL: [libjvm.so+0x8bd050], sa_mask[0]=11111111011111111101111111111110, sa_flags=SA_RESTART|SA_SIGINFO
SIGUSR1: SIG_DFL, sa_mask[0]=00000000000000000000000000000000, sa_flags=none
SIGUSR2: [libjvm.so+0x8bcf00], sa_mask[0]=00000000000000000000000000000000, sa_flags=SA_RESTART|SA_SIGINFO
SIGHUP: SIG_DFL, sa_mask[0]=00000000000000000000000000000000, sa_flags=none
SIGINT: SIG_DFL, sa_mask[0]=00000000000000000000000000000000, sa_flags=none
SIGTERM: SIG_DFL, sa_mask[0]=00000000000000000000000000000000, sa_flags=none
SIGQUIT: SIG_DFL, sa_mask[0]=00000000000000000000000000000000, sa_flags=none


---------------  S Y S T E M  ---------------

OS:DISTRIB_ID=Ubuntu
DISTRIB_RELEASE=16.04
DISTRIB_CODENAME=xenial
DISTRIB_DESCRIPTION="Ubuntu 16.04.2 LTS"

uname:Linux 4.4.0-189-generic #219-Ubuntu SMP Tue Aug 11 12:26:50 UTC 2020 x86_64
libc:glibc 2.23 NPTL 2.23 
rlimit: STACK 8192k, CORE 0k, NPROC 7772, NOFILE 1048576, AS infinity
load average:24.51 22.67 19.95

/proc/meminfo:
MemTotal:        2030220 kB
MemFree:           67036 kB
MemAvailable:       3300 kB
Buffers:              36 kB
Cached:             8856 kB
SwapCached:         1924 kB
Active:          1384464 kB
Inactive:         467620 kB
Active(anon):    1381560 kB
Inactive(anon):   463136 kB
Active(file):       2904 kB
Inactive(file):     4484 kB
Unevictable:           0 kB
Mlocked:               0 kB
SwapTotal:       2097148 kB
SwapFree:              0 kB
Dirty:                 0 kB
Writeback:            84 kB
AnonPages:       1841864 kB
Mapped:             6796 kB
Shmem:              1160 kB
Slab:              44008 kB
SReclaimable:      15700 kB
SUnreclaim:        28308 kB
KernelStack:        8336 kB
PageTables:        17976 kB
NFS_Unstable:          0 kB
Bounce:                0 kB
WritebackTmp:          0 kB
CommitLimit:     3112256 kB
Committed_AS:    4645492 kB
VmallocTotal:   34359738367 kB
VmallocUsed:           0 kB
VmallocChunk:          0 kB
HardwareCorrupted:     0 kB
AnonHugePages:         0 kB
CmaTotal:              0 kB
CmaFree:               0 kB
HugePages_Total:       0
HugePages_Free:        0
HugePages_Rsvd:        0
HugePages_Surp:        0
Hugepagesize:       2048 kB
DirectMap4k:       61312 kB
DirectMap2M:     2035712 kB

container (cgroup) information:
container_type: cgroupv1
cpu_cpuset_cpus: 0-1
cpu_memory_nodes: 0
active_processor_count: 2
cpu_quota: -1
cpu_period: 100000
cpu_shares: -1
memory_limit_in_bytes: -1
memory_and_swap_limit_in_bytes: -2
memory_soft_limit_in_bytes: -1
memory_usage_in_bytes: 1896677376
memory_max_usage_in_bytes: 0


CPU:total 2 (initial active 2) (1 cores per cpu, 1 threads per core) family 6 model 15 stepping 1, cmov, cx8, fxsr, mmx, sse, sse2, sse3, ssse3, tsc, tscinvbit

/proc/cpuinfo:
processor	: 0
vendor_id	: GenuineIntel
cpu family	: 6
model		: 15
model name	: Intel(R) Xeon(R) Gold 6140 CPU @ 2.30GHz
stepping	: 1
microcode	: 0x200005e
cpu MHz		: 2300.000
cache size	: 25344 KB
physical id	: 0
siblings	: 1
core id		: 0
cpu cores	: 1
apicid		: 0
initial apicid	: 0
fpu		: yes
fpu_exception	: yes
cpuid level	: 10
wp		: yes
flags		: fpu vme de pse tsc msr pae mce cx8 apic sep mtrr pge mca cmov pat pse36 clflush mmx fxsr sse sse2 ss syscall nx lm constant_tsc arch_perfmon nopl tsc_reliable nonstop_tsc pni ssse3 cx16 tsc_deadline_timer hypervisor lahf_lm kaiser tsc_adjust arat
bugs		: cpu_meltdown spectre_v1 spectre_v2 spec_store_bypass l1tf mds swapgs itlb_multihit
bogomips	: 4600.00
clflush size	: 64
cache_alignment	: 64
address sizes	: 42 bits physical, 48 bits virtual
power management:

processor	: 1
vendor_id	: GenuineIntel
cpu family	: 6
model		: 15
model name	: Intel(R) Xeon(R) Gold 6140 CPU @ 2.30GHz
stepping	: 1
microcode	: 0x200005e
cpu MHz		: 2300.000
cache size	: 25344 KB
physical id	: 2
siblings	: 1
core id		: 0
cpu cores	: 1
apicid		: 2
initial apicid	: 2
fpu		: yes
fpu_exception	: yes
cpuid level	: 10
wp		: yes
flags		: fpu vme de pse tsc msr pae mce cx8 apic sep mtrr pge mca cmov pat pse36 clflush mmx fxsr sse sse2 ss syscall nx lm constant_tsc arch_perfmon nopl tsc_reliable nonstop_tsc pni ssse3 cx16 tsc_deadline_timer hypervisor lahf_lm kaiser tsc_adjust arat
bugs		: cpu_meltdown spectre_v1 spectre_v2 spec_store_bypass l1tf mds swapgs itlb_multihit
bogomips	: 4600.00
clflush size	: 64
cache_alignment	: 64
address sizes	: 42 bits physical, 48 bits virtual
power management:



Memory: 4k page, physical 2030220k(66540k free), swap 2097148k(0k free)

vm_info: OpenJDK 64-Bit Server VM (25.265-b01) for linux-amd64 JRE (1.8.0_265-8u265-b01-0ubuntu2~16.04-b01), built on Aug  3 2020 01:38:05 by "buildd" with gcc 5.4.0 20160609

time: Thu Sep 10 04:19:45 2020
timezone: EDT
elapsed time: 3 seconds (0d 0h 0m 3s)

