#
# There is insufficient memory for the Java Runtime Environment to continue.
# Native memory allocation (mmap) failed to map 1048576 bytes for committing reserved memory.
# Possible reasons:
#   The system is out of physical RAM or swap space
#   The process is running with CompressedOops enabled, and the Java Heap may be blocking the growth of the native heap
# Possible solutions:
#   Reduce memory load on the system
#   Increase physical memory or swap space
#   Check if swap backing store is full
#   Decrease Java heap size (-Xmx/-Xms)
#   Decrease number of Java threads
#   Decrease Java thread stack sizes (-Xss)
#   Set larger code cache with -XX:ReservedCodeCacheSize=
#   JVM is running with Unscaled Compressed Oops mode in which the Java heap is
#     placed in the first 4GB address space. The Java Heap base address is the
#     maximum limit for the native heap growth. Please use -XX:HeapBaseMinAddress
#     to set the Java Heap base and to place the Java Heap above 4GB virtual address.
# This output file may be truncated or incomplete.
#
#  Out of Memory Error (os_linux.cpp:2792), pid=4828, tid=0x00007f68bc41e700
#
# JRE version: OpenJDK Runtime Environment (8.0_265-b01) (build 1.8.0_265-8u265-b01-0ubuntu2~16.04-b01)
# Java VM: OpenJDK 64-Bit Server VM (25.265-b01 mixed mode linux-amd64 compressed oops)
# Failed to write core dump. Core dumps have been disabled. To enable core dumping, try "ulimit -c unlimited" before starting Java again
#

---------------  T H R E A D  ---------------

Current thread (0x00007f68cc074000):  VMThread [stack: 0x00007f68bc31e000,0x00007f68bc41f000] [id=4832]

Stack: [0x00007f68bc31e000,0x00007f68bc41f000],  sp=0x00007f68bc41d3c0,  free space=1020k
Native frames: (J=compiled Java code, j=interpreted, Vv=VM code, C=native code)
V  [libjvm.so+0xa7866b]
V  [libjvm.so+0x4ccadc]
V  [libjvm.so+0x8c2178]
V  [libjvm.so+0x8b962e]
V  [libjvm.so+0x93ad76]
V  [libjvm.so+0x93c0a3]
V  [libjvm.so+0x9384a4]
V  [libjvm.so+0x93873c]
V  [libjvm.so+0x8ea0f3]
V  [libjvm.so+0xa7a3a2]
V  [libjvm.so+0xa7eca7]
V  [libjvm.so+0xa7cc73]
V  [libjvm.so+0xa7d745]
V  [libjvm.so+0xa7dd12]
V  [libjvm.so+0x8bf342]

VM_Operation (0x00007f68d566e5c0): ParallelGCFailedAllocation, mode: safepoint, requested by thread 0x00007f68cc00a800


---------------  P R O C E S S  ---------------

Java Threads: ( => current thread )
  0x00007f68cc0ba000 JavaThread "Service Thread" daemon [_thread_blocked, id=4838, stack(0x00007f68a7a25000,0x00007f68a7b26000)]
  0x00007f68cc0b7000 JavaThread "C1 CompilerThread1" daemon [_thread_blocked, id=4837, stack(0x00007f68a7b26000,0x00007f68a7c27000)]
  0x00007f68cc0b4800 JavaThread "C2 CompilerThread0" daemon [_thread_blocked, id=4836, stack(0x00007f68a7c27000,0x00007f68a7d28000)]
  0x00007f68cc0b3000 JavaThread "Signal Dispatcher" daemon [_thread_blocked, id=4835, stack(0x00007f68bc01b000,0x00007f68bc11c000)]
  0x00007f68cc082000 JavaThread "Finalizer" daemon [_thread_blocked, id=4834, stack(0x00007f68bc11c000,0x00007f68bc21d000)]
  0x00007f68cc07d800 JavaThread "Reference Handler" daemon [_thread_blocked, id=4833, stack(0x00007f68bc21d000,0x00007f68bc31e000)]
  0x00007f68cc00a800 JavaThread "main" [_thread_blocked, id=4829, stack(0x00007f68d556f000,0x00007f68d5670000)]

Other Threads:
=>0x00007f68cc074000 VMThread [stack: 0x00007f68bc31e000,0x00007f68bc41f000] [id=4832]
  0x00007f68cc0bc000 WatcherThread [stack: 0x00007f68a7924000,0x00007f68a7a25000] [id=4839]

VM state:at safepoint (normal execution)

VM Mutex/Monitor currently owned by a thread:  ([mutex/lock_event])
[0x00007f68cc006e40] Threads_lock - owner thread: 0x00007f68cc074000
[0x00007f68cc007340] Heap_lock - owner thread: 0x00007f68cc00a800

heap address: 0x00000000e1000000, size: 496 MB, Compressed Oops mode: 32-bit
Narrow klass base: 0x0000000000000000, Narrow klass shift: 3
Compressed class space size: 1073741824 Address: 0x0000000100000000

Heap:
 PSYoungGen      total 161280K, used 64K [0x00000000f5b00000, 0x00000000ffe80000, 0x0000000100000000)
  eden space 155648K, 0% used [0x00000000f5b00000,0x00000000f5b00000,0x00000000ff300000)
  from space 5632K, 1% used [0x00000000ff300000,0x00000000ff310000,0x00000000ff880000)
  to   space 6144K, 0% used [0x00000000ff880000,0x00000000ff880000,0x00000000ffe80000)
 ParOldGen       total 37376K, used 14425K [0x00000000e1000000, 0x00000000e3480000, 0x00000000f5b00000)
  object space 37376K, 38% used [0x00000000e1000000,0x00000000e1e16720,0x00000000e3480000)
 Metaspace       used 3922K, capacity 4606K, committed 4864K, reserved 1056768K
  class space    used 421K, capacity 430K, committed 512K, reserved 1048576K

Card table byte_map: [0x00007f68d1b04000,0x00007f68d1bfd000] byte_map_base: 0x00007f68d13fc000

Marking Bits: (ParMarkBitMap*) 0x00007f68d4827700
 Begin Bits: [0x00007f68d0982000, 0x00007f68d1142000)
 End Bits:   [0x00007f68d1142000, 0x00007f68d1902000)

Polling page: 0x00007f68d567b000

CodeCache: size=245760Kb used=1905Kb max_used=1905Kb free=243854Kb
 bounds [0x00007f68bd000000, 0x00007f68bd270000, 0x00007f68cc000000]
 total_blobs=562 nmethods=285 adapters=193
 compilation: enabled

Compilation events (10 events):
Event: 9.426 Thread 0x00007f68cc0b7000  287       3       sun.nio.cs.StreamDecoder::implRead (243 bytes)
Event: 9.427 Thread 0x00007f68cc0b7000 nmethod 287 0x00007f68bd1dafd0 code [0x00007f68bd1db260, 0x00007f68bd1dc828]
Event: 10.226 Thread 0x00007f68cc0b7000  289       3       sun.nio.cs.UTF_8$Decoder::decodeLoop (28 bytes)
Event: 10.226 Thread 0x00007f68cc0b7000 nmethod 289 0x00007f68bd1d09d0 code [0x00007f68bd1d0b80, 0x00007f68bd1d10b8]
Event: 10.226 Thread 0x00007f68cc0b7000  288   !   3       java.nio.charset.CharsetDecoder::decode (287 bytes)
Event: 10.227 Thread 0x00007f68cc0b7000 nmethod 288 0x00007f68bd1dd110 code [0x00007f68bd1dd400, 0x00007f68bd1deb98]
Event: 11.389 Thread 0x00007f68cc0b7000  290       3       java.lang.ThreadLocal::get (38 bytes)
Event: 11.420 Thread 0x00007f68cc0b7000 nmethod 290 0x00007f68bd1d0290 code [0x00007f68bd1d0420, 0x00007f68bd1d07d8]
Event: 11.669 Thread 0x00007f68cc0b7000  291       3       java.lang.ThreadLocal$ThreadLocalMap::getEntry (42 bytes)
Event: 11.784 Thread 0x00007f68cc0b7000 nmethod 291 0x00007f68bd1c2690 code [0x00007f68bd1c2800, 0x00007f68bd1c2b08]

GC Heap History (10 events):
Event: 9.392 GC heap after
Heap after GC invocations=15 (full 1):
 PSYoungGen      total 118784K, used 32K [0x00000000f5b00000, 0x00000000fd780000, 0x0000000100000000)
  eden space 112128K, 0% used [0x00000000f5b00000,0x00000000f5b00000,0x00000000fc880000)
  from space 6656K, 0% used [0x00000000fd100000,0x00000000fd108000,0x00000000fd780000)
  to   space 7680K, 0% used [0x00000000fc880000,0x00000000fc880000,0x00000000fd000000)
 ParOldGen       total 37376K, used 14417K [0x00000000e1000000, 0x00000000e3480000, 0x00000000f5b00000)
  object space 37376K, 38% used [0x00000000e1000000,0x00000000e1e14720,0x00000000e3480000)
 Metaspace       used 3922K, capacity 4606K, committed 4864K, reserved 1056768K
  class space    used 421K, capacity 430K, committed 512K, reserved 1048576K
}
Event: 9.952 GC heap before
{Heap before GC invocations=16 (full 1):
 PSYoungGen      total 118784K, used 112160K [0x00000000f5b00000, 0x00000000fd780000, 0x0000000100000000)
  eden space 112128K, 100% used [0x00000000f5b00000,0x00000000fc880000,0x00000000fc880000)
  from space 6656K, 0% used [0x00000000fd100000,0x00000000fd108000,0x00000000fd780000)
  to   space 7680K, 0% used [0x00000000fc880000,0x00000000fc880000,0x00000000fd000000)
 ParOldGen       total 37376K, used 14417K [0x00000000e1000000, 0x00000000e3480000, 0x00000000f5b00000)
  object space 37376K, 38% used [0x00000000e1000000,0x00000000e1e14720,0x00000000e3480000)
 Metaspace       used 3922K, capacity 4606K, committed 4864K, reserved 1056768K
  class space    used 421K, capacity 430K, committed 512K, reserved 1048576K
Event: 9.972 GC heap after
Heap after GC invocations=16 (full 1):
 PSYoungGen      total 119808K, used 32K [0x00000000f5b00000, 0x00000000fed80000, 0x0000000100000000)
  eden space 112128K, 0% used [0x00000000f5b00000,0x00000000f5b00000,0x00000000fc880000)
  from space 7680K, 0% used [0x00000000fc880000,0x00000000fc888000,0x00000000fd000000)
  to   space 7168K, 0% used [0x00000000fe680000,0x00000000fe680000,0x00000000fed80000)
 ParOldGen       total 37376K, used 14417K [0x00000000e1000000, 0x00000000e3480000, 0x00000000f5b00000)
  object space 37376K, 38% used [0x00000000e1000000,0x00000000e1e14720,0x00000000e3480000)
 Metaspace       used 3922K, capacity 4606K, committed 4864K, reserved 1056768K
  class space    used 421K, capacity 430K, committed 512K, reserved 1048576K
}
Event: 10.323 GC heap before
{Heap before GC invocations=17 (full 1):
 PSYoungGen      total 119808K, used 112160K [0x00000000f5b00000, 0x00000000fed80000, 0x0000000100000000)
  eden space 112128K, 100% used [0x00000000f5b00000,0x00000000fc880000,0x00000000fc880000)
  from space 7680K, 0% used [0x00000000fc880000,0x00000000fc888000,0x00000000fd000000)
  to   space 7168K, 0% used [0x00000000fe680000,0x00000000fe680000,0x00000000fed80000)
 ParOldGen       total 37376K, used 14417K [0x00000000e1000000, 0x00000000e3480000, 0x00000000f5b00000)
  object space 37376K, 38% used [0x00000000e1000000,0x00000000e1e14720,0x00000000e3480000)
 Metaspace       used 3922K, capacity 4606K, committed 4864K, reserved 1056768K
  class space    used 421K, capacity 430K, committed 512K, reserved 1048576K
Event: 10.376 GC heap after
Heap after GC invocations=17 (full 1):
 PSYoungGen      total 143360K, used 32K [0x00000000f5b00000, 0x00000000ff380000, 0x0000000100000000)
  eden space 136192K, 0% used [0x00000000f5b00000,0x00000000f5b00000,0x00000000fe000000)
  from space 7168K, 0% used [0x00000000fe680000,0x00000000fe688000,0x00000000fed80000)
  to   space 6656K, 0% used [0x00000000fe000000,0x00000000fe000000,0x00000000fe680000)
 ParOldGen       total 37376K, used 14417K [0x00000000e1000000, 0x00000000e3480000, 0x00000000f5b00000)
  object space 37376K, 38% used [0x00000000e1000000,0x00000000e1e14720,0x00000000e3480000)
 Metaspace       used 3922K, capacity 4606K, committed 4864K, reserved 1056768K
  class space    used 421K, capacity 430K, committed 512K, reserved 1048576K
}
Event: 10.969 GC heap before
{Heap before GC invocations=18 (full 1):
 PSYoungGen      total 143360K, used 136224K [0x00000000f5b00000, 0x00000000ff380000, 0x0000000100000000)
  eden space 136192K, 100% used [0x00000000f5b00000,0x00000000fe000000,0x00000000fe000000)
  from space 7168K, 0% used [0x00000000fe680000,0x00000000fe688000,0x00000000fed80000)
  to   space 6656K, 0% used [0x00000000fe000000,0x00000000fe000000,0x00000000fe680000)
 ParOldGen       total 37376K, used 14417K [0x00000000e1000000, 0x00000000e3480000, 0x00000000f5b00000)
  object space 37376K, 38% used [0x00000000e1000000,0x00000000e1e14720,0x00000000e3480000)
 Metaspace       used 3922K, capacity 4606K, committed 4864K, reserved 1056768K
  class space    used 421K, capacity 430K, committed 512K, reserved 1048576K
Event: 10.978 GC heap after
Heap after GC invocations=18 (full 1):
 PSYoungGen      total 142848K, used 32K [0x00000000f5b00000, 0x00000000ffe80000, 0x0000000100000000)
  eden space 136192K, 0% used [0x00000000f5b00000,0x00000000f5b00000,0x00000000fe000000)
  from space 6656K, 0% used [0x00000000fe000000,0x00000000fe008000,0x00000000fe680000)
  to   space 6144K, 0% used [0x00000000ff880000,0x00000000ff880000,0x00000000ffe80000)
 ParOldGen       total 37376K, used 14417K [0x00000000e1000000, 0x00000000e3480000, 0x00000000f5b00000)
  object space 37376K, 38% used [0x00000000e1000000,0x00000000e1e14720,0x00000000e3480000)
 Metaspace       used 3922K, capacity 4606K, committed 4864K, reserved 1056768K
  class space    used 421K, capacity 430K, committed 512K, reserved 1048576K
}
Event: 11.430 GC heap before
{Heap before GC invocations=19 (full 1):
 PSYoungGen      total 142848K, used 136224K [0x00000000f5b00000, 0x00000000ffe80000, 0x0000000100000000)
  eden space 136192K, 100% used [0x00000000f5b00000,0x00000000fe000000,0x00000000fe000000)
  from space 6656K, 0% used [0x00000000fe000000,0x00000000fe008000,0x00000000fe680000)
  to   space 6144K, 0% used [0x00000000ff880000,0x00000000ff880000,0x00000000ffe80000)
 ParOldGen       total 37376K, used 14417K [0x00000000e1000000, 0x00000000e3480000, 0x00000000f5b00000)
  object space 37376K, 38% used [0x00000000e1000000,0x00000000e1e14720,0x00000000e3480000)
 Metaspace       used 3922K, capacity 4606K, committed 4864K, reserved 1056768K
  class space    used 421K, capacity 430K, committed 512K, reserved 1048576K
Event: 11.464 GC heap after
Heap after GC invocations=19 (full 1):
 PSYoungGen      total 161792K, used 32K [0x00000000f5b00000, 0x00000000ffe80000, 0x0000000100000000)
  eden space 155648K, 0% used [0x00000000f5b00000,0x00000000f5b00000,0x00000000ff300000)
  from space 6144K, 0% used [0x00000000ff880000,0x00000000ff888000,0x00000000ffe80000)
  to   space 5632K, 0% used [0x00000000ff300000,0x00000000ff300000,0x00000000ff880000)
 ParOldGen       total 37376K, used 14417K [0x00000000e1000000, 0x00000000e3480000, 0x00000000f5b00000)
  object space 37376K, 38% used [0x00000000e1000000,0x00000000e1e14720,0x00000000e3480000)
 Metaspace       used 3922K, capacity 4606K, committed 4864K, reserved 1056768K
  class space    used 421K, capacity 430K, committed 512K, reserved 1048576K
}
Event: 12.288 GC heap before
{Heap before GC invocations=20 (full 1):
 PSYoungGen      total 161792K, used 155680K [0x00000000f5b00000, 0x00000000ffe80000, 0x0000000100000000)
  eden space 155648K, 100% used [0x00000000f5b00000,0x00000000ff300000,0x00000000ff300000)
  from space 6144K, 0% used [0x00000000ff880000,0x00000000ff888000,0x00000000ffe80000)
  to   space 5632K, 0% used [0x00000000ff300000,0x00000000ff300000,0x00000000ff880000)
 ParOldGen       total 37376K, used 14417K [0x00000000e1000000, 0x00000000e3480000, 0x00000000f5b00000)
  object space 37376K, 38% used [0x00000000e1000000,0x00000000e1e14720,0x00000000e3480000)
 Metaspace       used 3922K, capacity 4606K, committed 4864K, reserved 1056768K
  class space    used 421K, capacity 430K, committed 512K, reserved 1048576K

Deoptimization events (2 events):
Event: 2.454 Thread 0x00007f68cc00a800 Uncommon trap: reason=unstable_if action=reinterpret pc=0x00007f68bd16c15c method=java.util.regex.Pattern$Curly.match0(Ljava/util/regex/Matcher;IILjava/lang/CharSequence;)Z @ 34
Event: 3.316 Thread 0x00007f68cc00a800 Uncommon trap: reason=predicate action=maybe_recompile pc=0x00007f68bd198a18 method=java.util.AbstractCollection.toArray([Ljava/lang/Object;)[Ljava/lang/Object; @ 49

Classes redefined (0 events):
No events

Internal exceptions (8 events):
Event: 0.146 Thread 0x00007f68cc00a800 Exception <a 'java/lang/NoSuchMethodError': Method sun.misc.Unsafe.defineClass(Ljava/lang/String;[BII)Ljava/lang/Class; name or signature does not match> (0x00000000f5b07cc0) thrown at [/build/openjdk-8-jsjOeo/openjdk-8-8u265-b01/src/hotspot/src/share/vm/
Event: 0.146 Thread 0x00007f68cc00a800 Exception <a 'java/lang/NoSuchMethodError': Method sun.misc.Unsafe.prefetchRead(Ljava/lang/Object;J)V name or signature does not match> (0x00000000f5b07fa8) thrown at [/build/openjdk-8-jsjOeo/openjdk-8-8u265-b01/src/hotspot/src/share/vm/prims/jni.cpp, lin
Event: 1.052 Thread 0x00007f68cc00a800 Exception <a 'java/security/PrivilegedActionException'> (0x00000000f5b67288) thrown at [/build/openjdk-8-jsjOeo/openjdk-8-8u265-b01/src/hotspot/src/share/vm/prims/jvm.cpp, line 1512]
Event: 1.052 Thread 0x00007f68cc00a800 Exception <a 'java/security/PrivilegedActionException'> (0x00000000f5b67680) thrown at [/build/openjdk-8-jsjOeo/openjdk-8-8u265-b01/src/hotspot/src/share/vm/prims/jvm.cpp, line 1512]
Event: 1.053 Thread 0x00007f68cc00a800 Exception <a 'java/security/PrivilegedActionException'> (0x00000000f5b69ad8) thrown at [/build/openjdk-8-jsjOeo/openjdk-8-8u265-b01/src/hotspot/src/share/vm/prims/jvm.cpp, line 1512]
Event: 1.053 Thread 0x00007f68cc00a800 Exception <a 'java/security/PrivilegedActionException'> (0x00000000f5b69ed0) thrown at [/build/openjdk-8-jsjOeo/openjdk-8-8u265-b01/src/hotspot/src/share/vm/prims/jvm.cpp, line 1512]
Event: 1.053 Thread 0x00007f68cc00a800 Exception <a 'java/security/PrivilegedActionException'> (0x00000000f5b6ad78) thrown at [/build/openjdk-8-jsjOeo/openjdk-8-8u265-b01/src/hotspot/src/share/vm/prims/jvm.cpp, line 1512]
Event: 1.053 Thread 0x00007f68cc00a800 Exception <a 'java/security/PrivilegedActionException'> (0x00000000f5b6b170) thrown at [/build/openjdk-8-jsjOeo/openjdk-8-8u265-b01/src/hotspot/src/share/vm/prims/jvm.cpp, line 1512]

Events (10 events):
Event: 9.392 Executing VM operation: ParallelGCFailedAllocation done
Event: 9.951 Executing VM operation: ParallelGCFailedAllocation
Event: 9.972 Executing VM operation: ParallelGCFailedAllocation done
Event: 10.323 Executing VM operation: ParallelGCFailedAllocation
Event: 10.376 Executing VM operation: ParallelGCFailedAllocation done
Event: 10.969 Executing VM operation: ParallelGCFailedAllocation
Event: 10.978 Executing VM operation: ParallelGCFailedAllocation done
Event: 11.430 Executing VM operation: ParallelGCFailedAllocation
Event: 11.464 Executing VM operation: ParallelGCFailedAllocation done
Event: 12.279 Executing VM operation: ParallelGCFailedAllocation


Dynamic libraries:
e1000000-e3480000 rw-p 00000000 00:00 0 
e3480000-f5b00000 ---p 00000000 00:00 0 
f5b00000-ffe80000 rw-p 00000000 00:00 0 
fff80000-100000000 ---p 00000000 00:00 0 
100000000-100080000 rw-p 00000000 00:00 0 
100080000-140000000 ---p 00000000 00:00 0 
56449975e000-56449975f000 r-xp 00000000 fc:00 100840928                  /usr/lib/jvm/java-8-openjdk-amd64/jre/bin/java
56449995e000-56449995f000 r--p 00000000 fc:00 100840928                  /usr/lib/jvm/java-8-openjdk-amd64/jre/bin/java
56449995f000-564499960000 rw-p 00001000 fc:00 100840928                  /usr/lib/jvm/java-8-openjdk-amd64/jre/bin/java
564499a7f000-564499aa0000 rw-p 00000000 00:00 0                          [heap]
7f6890000000-7f6890021000 rw-p 00000000 00:00 0 
7f6890021000-7f6894000000 ---p 00000000 00:00 0 
7f6894000000-7f6894021000 rw-p 00000000 00:00 0 
7f6894021000-7f6898000000 ---p 00000000 00:00 0 
7f6898000000-7f68985cb000 rw-p 00000000 00:00 0 
7f68985cb000-7f689c000000 ---p 00000000 00:00 0 
7f689c000000-7f689c1fe000 rw-p 00000000 00:00 0 
7f689c1fe000-7f68a0000000 ---p 00000000 00:00 0 
7f68a0000000-7f68a0021000 rw-p 00000000 00:00 0 
7f68a0021000-7f68a4000000 ---p 00000000 00:00 0 
7f68a74ac000-7f68a74dd000 rw-p 00000000 00:00 0 
7f68a74dd000-7f68a74f4000 r-xp 00000000 fc:00 33748749                   /usr/lib/jvm/java-8-openjdk-amd64/jre/lib/amd64/libnet.so
7f68a74f4000-7f68a76f4000 ---p 00017000 fc:00 33748749                   /usr/lib/jvm/java-8-openjdk-amd64/jre/lib/amd64/libnet.so
7f68a76f4000-7f68a76f5000 r--p 00017000 fc:00 33748749                   /usr/lib/jvm/java-8-openjdk-amd64/jre/lib/amd64/libnet.so
7f68a76f5000-7f68a76f6000 rw-p 00018000 fc:00 33748749                   /usr/lib/jvm/java-8-openjdk-amd64/jre/lib/amd64/libnet.so
7f68a76f6000-7f68a7708000 r-xp 00000000 fc:00 33748741                   /usr/lib/jvm/java-8-openjdk-amd64/jre/lib/amd64/libnio.so
7f68a7708000-7f68a7907000 ---p 00012000 fc:00 33748741                   /usr/lib/jvm/java-8-openjdk-amd64/jre/lib/amd64/libnio.so
7f68a7907000-7f68a7908000 r--p 00011000 fc:00 33748741                   /usr/lib/jvm/java-8-openjdk-amd64/jre/lib/amd64/libnio.so
7f68a7908000-7f68a7909000 rw-p 00012000 fc:00 33748741                   /usr/lib/jvm/java-8-openjdk-amd64/jre/lib/amd64/libnio.so
7f68a7909000-7f68a7924000 r--s 00394000 fc:00 44546                      /usr/lib/jvm/java-8-openjdk-amd64/jre/lib/ext/cldrdata.jar
7f68a7924000-7f68a7925000 ---p 00000000 00:00 0 
7f68a7925000-7f68a7a25000 rw-p 00000000 00:00 0 
7f68a7a25000-7f68a7a28000 ---p 00000000 00:00 0 
7f68a7a28000-7f68a7b26000 rw-p 00000000 00:00 0 
7f68a7b26000-7f68a7b29000 ---p 00000000 00:00 0 
7f68a7b29000-7f68a7c27000 rw-p 00000000 00:00 0 
7f68a7c27000-7f68a7c2a000 ---p 00000000 00:00 0 
7f68a7c2a000-7f68a7d28000 rw-p 00000000 00:00 0 
7f68a7d28000-7f68a8000000 r--p 00000000 fc:00 100669200                  /usr/lib/locale/locale-archive
7f68a8000000-7f68a8021000 rw-p 00000000 00:00 0 
7f68a8021000-7f68ac000000 ---p 00000000 00:00 0 
7f68ac000000-7f68ac021000 rw-p 00000000 00:00 0 
7f68ac021000-7f68b0000000 ---p 00000000 00:00 0 
7f68b0000000-7f68b0021000 rw-p 00000000 00:00 0 
7f68b0021000-7f68b4000000 ---p 00000000 00:00 0 
7f68b4000000-7f68b4021000 rw-p 00000000 00:00 0 
7f68b4021000-7f68b8000000 ---p 00000000 00:00 0 
7f68b8000000-7f68b8021000 rw-p 00000000 00:00 0 
7f68b8021000-7f68bc000000 ---p 00000000 00:00 0 
7f68bc000000-7f68bc01b000 r--s 001d6000 fc:00 44390                      /usr/lib/jvm/java-8-openjdk-amd64/jre/lib/ext/nashorn.jar
7f68bc01b000-7f68bc01e000 ---p 00000000 00:00 0 
7f68bc01e000-7f68bc11c000 rw-p 00000000 00:00 0 
7f68bc11c000-7f68bc11f000 ---p 00000000 00:00 0 
7f68bc11f000-7f68bc21d000 rw-p 00000000 00:00 0 
7f68bc21d000-7f68bc220000 ---p 00000000 00:00 0 
7f68bc220000-7f68bc31e000 rw-p 00000000 00:00 0 
7f68bc31e000-7f68bc31f000 ---p 00000000 00:00 0 
7f68bc31f000-7f68bcdb8000 rw-p 00000000 00:00 0 
7f68bcdb8000-7f68bcf8a000 r--s 03ca8000 fc:00 44104                      /usr/lib/jvm/java-8-openjdk-amd64/jre/lib/rt.jar
7f68bcf8a000-7f68bd000000 rw-p 00000000 00:00 0 
7f68bd000000-7f68bd270000 rwxp 00000000 00:00 0 
7f68bd270000-7f68cc000000 ---p 00000000 00:00 0 
7f68cc000000-7f68cc17d000 rw-p 00000000 00:00 0 
7f68cc17d000-7f68d0000000 ---p 00000000 00:00 0 
7f68d0004000-7f68d000e000 r--s 00117000 fc:00 44544                      /usr/lib/jvm/java-8-openjdk-amd64/jre/lib/ext/localedata.jar
7f68d000e000-7f68d04ca000 rw-p 00000000 00:00 0 
7f68d04ca000-7f68d088a000 ---p 00000000 00:00 0 
7f68d088a000-7f68d1902000 rw-p 00000000 00:00 0 
7f68d1902000-7f68d1903000 ---p 00000000 00:00 0 
7f68d1903000-7f68d1a03000 rw-p 00000000 00:00 0 
7f68d1a03000-7f68d1a04000 ---p 00000000 00:00 0 
7f68d1a04000-7f68d1b17000 rw-p 00000000 00:00 0 
7f68d1b17000-7f68d1ba9000 ---p 00000000 00:00 0 
7f68d1ba9000-7f68d1bfc000 rw-p 00000000 00:00 0 
7f68d1bfc000-7f68d1c07000 rw-p 00000000 00:00 0 
7f68d1c07000-7f68d1fbd000 ---p 00000000 00:00 0 
7f68d1fbd000-7f68d1fc5000 r-xp 00000000 fc:00 33748757                   /usr/lib/jvm/java-8-openjdk-amd64/jre/lib/amd64/libzip.so
7f68d1fc5000-7f68d21c4000 ---p 00008000 fc:00 33748757                   /usr/lib/jvm/java-8-openjdk-amd64/jre/lib/amd64/libzip.so
7f68d21c4000-7f68d21c5000 r--p 00007000 fc:00 33748757                   /usr/lib/jvm/java-8-openjdk-amd64/jre/lib/amd64/libzip.so
7f68d21c5000-7f68d21c6000 rw-p 00008000 fc:00 33748757                   /usr/lib/jvm/java-8-openjdk-amd64/jre/lib/amd64/libzip.so
7f68d21c6000-7f68d21d1000 r-xp 00000000 fc:00 67547904                   /lib/x86_64-linux-gnu/libnss_files-2.23.so
7f68d21d1000-7f68d23d0000 ---p 0000b000 fc:00 67547904                   /lib/x86_64-linux-gnu/libnss_files-2.23.so
7f68d23d0000-7f68d23d1000 r--p 0000a000 fc:00 67547904                   /lib/x86_64-linux-gnu/libnss_files-2.23.so
7f68d23d1000-7f68d23d2000 rw-p 0000b000 fc:00 67547904                   /lib/x86_64-linux-gnu/libnss_files-2.23.so
7f68d23d2000-7f68d23d8000 rw-p 00000000 00:00 0 
7f68d23d8000-7f68d23e3000 r-xp 00000000 fc:00 67547909                   /lib/x86_64-linux-gnu/libnss_nis-2.23.so
7f68d23e3000-7f68d25e2000 ---p 0000b000 fc:00 67547909                   /lib/x86_64-linux-gnu/libnss_nis-2.23.so
7f68d25e2000-7f68d25e3000 r--p 0000a000 fc:00 67547909                   /lib/x86_64-linux-gnu/libnss_nis-2.23.so
7f68d25e3000-7f68d25e4000 rw-p 0000b000 fc:00 67547909                   /lib/x86_64-linux-gnu/libnss_nis-2.23.so
7f68d25e4000-7f68d25fa000 r-xp 00000000 fc:00 67547894                   /lib/x86_64-linux-gnu/libnsl-2.23.so
7f68d25fa000-7f68d27f9000 ---p 00016000 fc:00 67547894                   /lib/x86_64-linux-gnu/libnsl-2.23.so
7f68d27f9000-7f68d27fa000 r--p 00015000 fc:00 67547894                   /lib/x86_64-linux-gnu/libnsl-2.23.so
7f68d27fa000-7f68d27fb000 rw-p 00016000 fc:00 67547894                   /lib/x86_64-linux-gnu/libnsl-2.23.so
7f68d27fb000-7f68d27fd000 rw-p 00000000 00:00 0 
7f68d27fd000-7f68d2805000 r-xp 00000000 fc:00 67547906                   /lib/x86_64-linux-gnu/libnss_compat-2.23.so
7f68d2805000-7f68d2a04000 ---p 00008000 fc:00 67547906                   /lib/x86_64-linux-gnu/libnss_compat-2.23.so
7f68d2a04000-7f68d2a05000 r--p 00007000 fc:00 67547906                   /lib/x86_64-linux-gnu/libnss_compat-2.23.so
7f68d2a05000-7f68d2a06000 rw-p 00008000 fc:00 67547906                   /lib/x86_64-linux-gnu/libnss_compat-2.23.so
7f68d2a06000-7f68d2a2f000 r-xp 00000000 fc:00 33748755                   /usr/lib/jvm/java-8-openjdk-amd64/jre/lib/amd64/libjava.so
7f68d2a2f000-7f68d2c2f000 ---p 00029000 fc:00 33748755                   /usr/lib/jvm/java-8-openjdk-amd64/jre/lib/amd64/libjava.so
7f68d2c2f000-7f68d2c30000 r--p 00029000 fc:00 33748755                   /usr/lib/jvm/java-8-openjdk-amd64/jre/lib/amd64/libjava.so
7f68d2c30000-7f68d2c32000 rw-p 0002a000 fc:00 33748755                   /usr/lib/jvm/java-8-openjdk-amd64/jre/lib/amd64/libjava.so
7f68d2c32000-7f68d2c41000 r-xp 00000000 fc:00 33748751                   /usr/lib/jvm/java-8-openjdk-amd64/jre/lib/amd64/libverify.so
7f68d2c41000-7f68d2e40000 ---p 0000f000 fc:00 33748751                   /usr/lib/jvm/java-8-openjdk-amd64/jre/lib/amd64/libverify.so
7f68d2e40000-7f68d2e42000 r--p 0000e000 fc:00 33748751                   /usr/lib/jvm/java-8-openjdk-amd64/jre/lib/amd64/libverify.so
7f68d2e42000-7f68d2e43000 rw-p 00010000 fc:00 33748751                   /usr/lib/jvm/java-8-openjdk-amd64/jre/lib/amd64/libverify.so
7f68d2e43000-7f68d2e4a000 r-xp 00000000 fc:00 67547912                   /lib/x86_64-linux-gnu/librt-2.23.so
7f68d2e4a000-7f68d3049000 ---p 00007000 fc:00 67547912                   /lib/x86_64-linux-gnu/librt-2.23.so
7f68d3049000-7f68d304a000 r--p 00006000 fc:00 67547912                   /lib/x86_64-linux-gnu/librt-2.23.so
7f68d304a000-7f68d304b000 rw-p 00007000 fc:00 67547912                   /lib/x86_64-linux-gnu/librt-2.23.so
7f68d304b000-7f68d3061000 r-xp 00000000 fc:00 67173058                   /lib/x86_64-linux-gnu/libgcc_s.so.1
7f68d3061000-7f68d3260000 ---p 00016000 fc:00 67173058                   /lib/x86_64-linux-gnu/libgcc_s.so.1
7f68d3260000-7f68d3261000 rw-p 00015000 fc:00 67173058                   /lib/x86_64-linux-gnu/libgcc_s.so.1
7f68d3261000-7f68d3369000 r-xp 00000000 fc:00 67547895                   /lib/x86_64-linux-gnu/libm-2.23.so
7f68d3369000-7f68d3568000 ---p 00108000 fc:00 67547895                   /lib/x86_64-linux-gnu/libm-2.23.so
7f68d3568000-7f68d3569000 r--p 00107000 fc:00 67547895                   /lib/x86_64-linux-gnu/libm-2.23.so
7f68d3569000-7f68d356a000 rw-p 00108000 fc:00 67547895                   /lib/x86_64-linux-gnu/libm-2.23.so
7f68d356a000-7f68d36dc000 r-xp 00000000 fc:00 67172715                   /usr/lib/x86_64-linux-gnu/libstdc++.so.6.0.21
7f68d36dc000-7f68d38dc000 ---p 00172000 fc:00 67172715                   /usr/lib/x86_64-linux-gnu/libstdc++.so.6.0.21
7f68d38dc000-7f68d38e6000 r--p 00172000 fc:00 67172715                   /usr/lib/x86_64-linux-gnu/libstdc++.so.6.0.21
7f68d38e6000-7f68d38e8000 rw-p 0017c000 fc:00 67172715                   /usr/lib/x86_64-linux-gnu/libstdc++.so.6.0.21
7f68d38e8000-7f68d38ec000 rw-p 00000000 00:00 0 
7f68d38ec000-7f68d4557000 r-xp 00000000 fc:00 100840941                  /usr/lib/jvm/java-8-openjdk-amd64/jre/lib/amd64/server/libjvm.so
7f68d4557000-7f68d4756000 ---p 00c6b000 fc:00 100840941                  /usr/lib/jvm/java-8-openjdk-amd64/jre/lib/amd64/server/libjvm.so
7f68d4756000-7f68d47eb000 r--p 00c6a000 fc:00 100840941                  /usr/lib/jvm/java-8-openjdk-amd64/jre/lib/amd64/server/libjvm.so
7f68d47eb000-7f68d4814000 rw-p 00cff000 fc:00 100840941                  /usr/lib/jvm/java-8-openjdk-amd64/jre/lib/amd64/server/libjvm.so
7f68d4814000-7f68d4844000 rw-p 00000000 00:00 0 
7f68d4844000-7f68d485c000 r-xp 00000000 fc:00 67547892                   /lib/x86_64-linux-gnu/libpthread-2.23.so
7f68d485c000-7f68d4a5b000 ---p 00018000 fc:00 67547892                   /lib/x86_64-linux-gnu/libpthread-2.23.so
7f68d4a5b000-7f68d4a5c000 r--p 00017000 fc:00 67547892                   /lib/x86_64-linux-gnu/libpthread-2.23.so
7f68d4a5c000-7f68d4a5d000 rw-p 00018000 fc:00 67547892                   /lib/x86_64-linux-gnu/libpthread-2.23.so
7f68d4a5d000-7f68d4a61000 rw-p 00000000 00:00 0 
7f68d4a61000-7f68d4a64000 r-xp 00000000 fc:00 67547889                   /lib/x86_64-linux-gnu/libdl-2.23.so
7f68d4a64000-7f68d4c63000 ---p 00003000 fc:00 67547889                   /lib/x86_64-linux-gnu/libdl-2.23.so
7f68d4c63000-7f68d4c64000 r--p 00002000 fc:00 67547889                   /lib/x86_64-linux-gnu/libdl-2.23.so
7f68d4c64000-7f68d4c65000 rw-p 00003000 fc:00 67547889                   /lib/x86_64-linux-gnu/libdl-2.23.so
7f68d4c65000-7f68d4c7e000 r-xp 00000000 fc:00 67173394                   /lib/x86_64-linux-gnu/libz.so.1.2.8
7f68d4c7e000-7f68d4e7d000 ---p 00019000 fc:00 67173394                   /lib/x86_64-linux-gnu/libz.so.1.2.8
7f68d4e7d000-7f68d4e7e000 r--p 00018000 fc:00 67173394                   /lib/x86_64-linux-gnu/libz.so.1.2.8
7f68d4e7e000-7f68d4e7f000 rw-p 00019000 fc:00 67173394                   /lib/x86_64-linux-gnu/libz.so.1.2.8
7f68d4e7f000-7f68d503f000 r-xp 00000000 fc:00 67547891                   /lib/x86_64-linux-gnu/libc-2.23.so
7f68d503f000-7f68d523f000 ---p 001c0000 fc:00 67547891                   /lib/x86_64-linux-gnu/libc-2.23.so
7f68d523f000-7f68d5243000 r--p 001c0000 fc:00 67547891                   /lib/x86_64-linux-gnu/libc-2.23.so
7f68d5243000-7f68d5245000 rw-p 001c4000 fc:00 67547891                   /lib/x86_64-linux-gnu/libc-2.23.so
7f68d5245000-7f68d5249000 rw-p 00000000 00:00 0 
7f68d5249000-7f68d5257000 r-xp 00000000 fc:00 67557356                   /usr/lib/jvm/java-8-openjdk-amd64/jre/lib/amd64/jli/libjli.so
7f68d5257000-7f68d5456000 ---p 0000e000 fc:00 67557356                   /usr/lib/jvm/java-8-openjdk-amd64/jre/lib/amd64/jli/libjli.so
7f68d5456000-7f68d5457000 r--p 0000d000 fc:00 67557356                   /usr/lib/jvm/java-8-openjdk-amd64/jre/lib/amd64/jli/libjli.so
7f68d5457000-7f68d5458000 rw-p 0000e000 fc:00 67557356                   /usr/lib/jvm/java-8-openjdk-amd64/jre/lib/amd64/jli/libjli.so
7f68d5458000-7f68d547e000 r-xp 00000000 fc:00 67547902                   /lib/x86_64-linux-gnu/ld-2.23.so
7f68d5483000-7f68d5485000 r--s 00001000 fc:00 44558                      /usr/lib/jvm/java-8-openjdk-amd64/jre/lib/ext/dnsns.jar
7f68d5485000-7f68d548b000 r--s 0003d000 fc:00 44424                      /usr/lib/jvm/java-8-openjdk-amd64/jre/lib/ext/sunjce_provider.jar
7f68d548b000-7f68d548f000 r--s 0003a000 fc:00 44410                      /usr/lib/jvm/java-8-openjdk-amd64/jre/lib/ext/sunpkcs11.jar
7f68d548f000-7f68d54d4000 rw-p 00000000 00:00 0 
7f68d54d4000-7f68d5567000 ---p 00000000 00:00 0 
7f68d5567000-7f68d556f000 rw-s 00000000 fc:00 101342407                  /tmp/hsperfdata_vcm/4828
7f68d556f000-7f68d5572000 ---p 00000000 00:00 0 
7f68d5572000-7f68d5674000 rw-p 00000000 00:00 0 
7f68d5674000-7f68d5677000 r--s 0000f000 fc:00 44384                      /usr/lib/jvm/java-8-openjdk-amd64/jre/lib/ext/icedtea-sound.jar
7f68d5677000-7f68d5678000 r--s 0000a000 fc:00 44362                      /usr/lib/jvm/java-8-openjdk-amd64/jre/lib/ext/jaccess.jar
7f68d5678000-7f68d5679000 r--s 00010000 fc:00 44360                      /usr/lib/jvm/java-8-openjdk-amd64/jre/lib/ext/zipfs.jar
7f68d5679000-7f68d567a000 r--s 0000d000 fc:00 44350                      /usr/lib/jvm/java-8-openjdk-amd64/jre/lib/ext/sunec.jar
7f68d567a000-7f68d567b000 rw-p 00000000 00:00 0 
7f68d567b000-7f68d567c000 ---p 00000000 00:00 0 
7f68d567c000-7f68d567d000 rw-p 00000000 00:00 0 
7f68d567d000-7f68d567e000 r--p 00025000 fc:00 67547902                   /lib/x86_64-linux-gnu/ld-2.23.so
7f68d567e000-7f68d567f000 rw-p 00026000 fc:00 67547902                   /lib/x86_64-linux-gnu/ld-2.23.so
7f68d567f000-7f68d5680000 rw-p 00000000 00:00 0 
7ffdac537000-7ffdac558000 rw-p 00000000 00:00 0                          [stack]
7ffdac590000-7ffdac592000 r--p 00000000 00:00 0                          [vvar]
7ffdac592000-7ffdac594000 r-xp 00000000 00:00 0                          [vdso]
ffffffffff600000-ffffffffff601000 r-xp 00000000 00:00 0                  [vsyscall]

VM Arguments:
java_command: MonteCarloMain
java_class_path (initial): .
Launcher Type: SUN_STANDARD

Environment Variables:
PATH=/home/vcm/bin:/home/vcm/.local/bin:/home/vcm/bin:/home/vcm/.local/bin:/usr/local/sbin:/usr/local/bin:/usr/sbin:/usr/bin:/sbin:/bin:/usr/games:/usr/local/games
SHELL=/bin/bash

Signal Handlers:
SIGSEGV: [libjvm.so+0xa791d0], sa_mask[0]=11111111011111111101111111111110, sa_flags=SA_RESTART|SA_SIGINFO
SIGBUS: [libjvm.so+0xa791d0], sa_mask[0]=11111111011111111101111111111110, sa_flags=SA_RESTART|SA_SIGINFO
SIGFPE: [libjvm.so+0x8bd050], sa_mask[0]=11111111011111111101111111111110, sa_flags=SA_RESTART|SA_SIGINFO
SIGPIPE: [libjvm.so+0x8bd050], sa_mask[0]=11111111011111111101111111111110, sa_flags=SA_RESTART|SA_SIGINFO
SIGXFSZ: [libjvm.so+0x8bd050], sa_mask[0]=11111111011111111101111111111110, sa_flags=SA_RESTART|SA_SIGINFO
SIGILL: [libjvm.so+0x8bd050], sa_mask[0]=11111111011111111101111111111110, sa_flags=SA_RESTART|SA_SIGINFO
SIGUSR1: SIG_DFL, sa_mask[0]=00000000000000000000000000000000, sa_flags=none
SIGUSR2: [libjvm.so+0x8bcf00], sa_mask[0]=00000000000000000000000000000000, sa_flags=SA_RESTART|SA_SIGINFO
SIGHUP: SIG_IGN, sa_mask[0]=00000000000000000000000000000000, sa_flags=none
SIGINT: [libjvm.so+0x8bd590], sa_mask[0]=11111111011111111101111111111110, sa_flags=SA_RESTART|SA_SIGINFO
SIGTERM: [libjvm.so+0x8bd590], sa_mask[0]=11111111011111111101111111111110, sa_flags=SA_RESTART|SA_SIGINFO
SIGQUIT: [libjvm.so+0x8bd590], sa_mask[0]=11111111011111111101111111111110, sa_flags=SA_RESTART|SA_SIGINFO


---------------  S Y S T E M  ---------------

OS:DISTRIB_ID=Ubuntu
DISTRIB_RELEASE=16.04
DISTRIB_CODENAME=xenial
DISTRIB_DESCRIPTION="Ubuntu 16.04.2 LTS"

uname:Linux 4.4.0-189-generic #219-Ubuntu SMP Tue Aug 11 12:26:50 UTC 2020 x86_64
libc:glibc 2.23 NPTL 2.23 
rlimit: STACK 8192k, CORE 0k, NPROC 7772, NOFILE 1048576, AS infinity
load average:25.02 24.34 24.27

/proc/meminfo:
MemTotal:        2030220 kB
MemFree:           55244 kB
MemAvailable:          0 kB
Buffers:              36 kB
Cached:             7304 kB
SwapCached:         1788 kB
Active:          1396312 kB
Inactive:         470436 kB
Active(anon):    1393860 kB
Inactive(anon):   467132 kB
Active(file):       2452 kB
Inactive(file):     3304 kB
Unevictable:           0 kB
Mlocked:               0 kB
SwapTotal:       2097148 kB
SwapFree:              0 kB
Dirty:               116 kB
Writeback:             4 kB
AnonPages:       1858300 kB
Mapped:             5692 kB
Shmem:              1344 kB
Slab:              44632 kB
SReclaimable:      16076 kB
SUnreclaim:        28556 kB
KernelStack:        8352 kB
PageTables:        18504 kB
NFS_Unstable:          0 kB
Bounce:                0 kB
WritebackTmp:          0 kB
CommitLimit:     3112256 kB
Committed_AS:    4698652 kB
VmallocTotal:   34359738367 kB
VmallocUsed:           0 kB
VmallocChunk:          0 kB
HardwareCorrupted:     0 kB
AnonHugePages:         0 kB
CmaTotal:              0 kB
CmaFree:               0 kB
HugePages_Total:       0
HugePages_Free:        0
HugePages_Rsvd:        0
HugePages_Surp:        0
Hugepagesize:       2048 kB
DirectMap4k:       61312 kB
DirectMap2M:     2035712 kB

container (cgroup) information:
container_type: cgroupv1
cpu_cpuset_cpus: 0-1
cpu_memory_nodes: 0
active_processor_count: 2
cpu_quota: -1
cpu_period: 100000
cpu_shares: -1
memory_limit_in_bytes: -1
memory_and_swap_limit_in_bytes: -2
memory_soft_limit_in_bytes: -1
memory_usage_in_bytes: 1911013376
memory_max_usage_in_bytes: 0


CPU:total 2 (initial active 2) (1 cores per cpu, 1 threads per core) family 6 model 15 stepping 1, cmov, cx8, fxsr, mmx, sse, sse2, sse3, ssse3, tsc, tscinvbit

/proc/cpuinfo:
processor	: 0
vendor_id	: GenuineIntel
cpu family	: 6
model		: 15
model name	: Intel(R) Xeon(R) Gold 6140 CPU @ 2.30GHz
stepping	: 1
microcode	: 0x200005e
cpu MHz		: 2300.000
cache size	: 25344 KB
physical id	: 0
siblings	: 1
core id		: 0
cpu cores	: 1
apicid		: 0
initial apicid	: 0
fpu		: yes
fpu_exception	: yes
cpuid level	: 10
wp		: yes
flags		: fpu vme de pse tsc msr pae mce cx8 apic sep mtrr pge mca cmov pat pse36 clflush mmx fxsr sse sse2 ss syscall nx lm constant_tsc arch_perfmon nopl tsc_reliable nonstop_tsc pni ssse3 cx16 tsc_deadline_timer hypervisor lahf_lm kaiser tsc_adjust arat
bugs		: cpu_meltdown spectre_v1 spectre_v2 spec_store_bypass l1tf mds swapgs itlb_multihit
bogomips	: 4600.00
clflush size	: 64
cache_alignment	: 64
address sizes	: 42 bits physical, 48 bits virtual
power management:

processor	: 1
vendor_id	: GenuineIntel
cpu family	: 6
model		: 15
model name	: Intel(R) Xeon(R) Gold 6140 CPU @ 2.30GHz
stepping	: 1
microcode	: 0x200005e
cpu MHz		: 2300.000
cache size	: 25344 KB
physical id	: 2
siblings	: 1
core id		: 0
cpu cores	: 1
apicid		: 2
initial apicid	: 2
fpu		: yes
fpu_exception	: yes
cpuid level	: 10
wp		: yes
flags		: fpu vme de pse tsc msr pae mce cx8 apic sep mtrr pge mca cmov pat pse36 clflush mmx fxsr sse sse2 ss syscall nx lm constant_tsc arch_perfmon nopl tsc_reliable nonstop_tsc pni ssse3 cx16 tsc_deadline_timer hypervisor lahf_lm kaiser tsc_adjust arat
bugs		: cpu_meltdown spectre_v1 spectre_v2 spec_store_bypass l1tf mds swapgs itlb_multihit
bogomips	: 4600.00
clflush size	: 64
cache_alignment	: 64
address sizes	: 42 bits physical, 48 bits virtual
power management:



Memory: 4k page, physical 2030220k(55244k free), swap 2097148k(0k free)

vm_info: OpenJDK 64-Bit Server VM (25.265-b01) for linux-amd64 JRE (1.8.0_265-8u265-b01-0ubuntu2~16.04-b01), built on Aug  3 2020 01:38:05 by "buildd" with gcc 5.4.0 20160609

time: Thu Sep 10 16:41:09 2020
timezone: EDT
elapsed time: 12 seconds (0d 0h 0m 12s)

